 
64
0.0001
Frequency noise multiplier is 1.56267e-10
Clock-slew noise multiplier is 1.56267e-08
460125
 
64
0.0006
Frequency noise multiplier is 5.62861e-09
Clock-slew noise multiplier is 5.6286e-07
76636
 
64
0.003
Frequency noise multiplier is 1.41077e-07
Clock-slew noise multiplier is 1.41077e-05
15234
 
32
0.01
Frequency noise multiplier is 3.14181e-06
Clock-slew noise multiplier is 0.000314181
4546
 
8
0.03
Frequency noise multiplier is 0.000112966
Clock-slew noise multiplier is 0.0112966
1520
 
53
0.0001
Frequency noise multiplier is 1.88696e-10
Clock-slew noise multiplier is 1.88696e-08
460145
 
53
0.0003
Frequency noise multiplier is 1.69856e-09
Clock-slew noise multiplier is 1.69856e-07
153409
 
48
0.001
Frequency noise multiplier is 2.085e-08
Clock-slew noise multiplier is 2.085e-06
45964
 
16
0.01
Frequency noise multiplier is 6.26685e-06
Clock-slew noise multiplier is 0.000626685
4575
 
58
0.0001
Frequency noise multiplier is 1.7243e-10
Clock-slew noise multiplier is 1.7243e-08
460136
 
53
0.0006
Frequency noise multiplier is 6.79606e-09
Clock-slew noise multiplier is 6.79606e-07
76656
 
32
0.001
Frequency noise multiplier is 3.12667e-08
Clock-slew noise multiplier is 3.12667e-06
45993
 
32
0.01
Frequency noise multiplier is 3.14181e-06
Clock-slew noise multiplier is 0.000314181
4546
 
74
0.0001
Frequency noise multiplier is 1.35152e-10
Clock-slew noise multiplier is 1.35152e-08
460108
 
64
0.0002
Frequency noise multiplier is 6.25133e-10
Clock-slew noise multiplier is 6.25133e-08
230142
 
64
0.001
Frequency noise multiplier is 1.56417e-08
Clock-slew noise multiplier is 1.56417e-06
45935
 
48
0.001
Frequency noise multiplier is 2.085e-08
Clock-slew noise multiplier is 2.085e-06
45964
 
16
0.03
Frequency noise multiplier is 5.67079e-05
Clock-slew noise multiplier is 0.00567079
1505
 
80
0.001
Frequency noise multiplier is 1.25167e-08
Clock-slew noise multiplier is 1.25167e-06
45906
 
96
0.001
Frequency noise multiplier is 1.04334e-08
Clock-slew noise multiplier is 1.04334e-06
45877
 
112
0.001
Frequency noise multiplier is 8.94528e-09
Clock-slew noise multiplier is 8.94528e-07
45848
 
128
0.001
Frequency noise multiplier is 7.82921e-09
Clock-slew noise multiplier is 7.82921e-07
45819
 
80
0.01
Done generating freq-noise transfer function.
Frequency noise multiplier is 1.26694e-06
Done generating clock-slew transfer function.
Clock-slew noise multiplier is 0.000126694
Done generating acquisition transfer function.
Done with IFFT
4456
 
96
0.01
Done generating freq-noise transfer function.
Frequency noise multiplier is 1.05866e-06
Done generating clock-slew transfer function.
Clock-slew noise multiplier is 0.000105866
Done generating acquisition transfer function.
Done with IFFT
4426
 
112
0.01
Done generating freq-noise transfer function.
Frequency noise multiplier is 9.09908e-07
Done generating clock-slew transfer function.
Clock-slew noise multiplier is 9.09908e-05
Done generating acquisition transfer function.
Done with IFFT
4395
 
128
0.01
Done generating freq-noise transfer function.
Frequency noise multiplier is 7.98357e-07
Done generating clock-slew transfer function.
Clock-slew noise multiplier is 7.98357e-05
Done generating acquisition transfer function.
Done with IFFT
4363
