INTER, QS 10 => 12, W 16
  0 =>    0 =>   0 (  0)  |    0 =>    0 (  0)  |    0 =>    0 (  0)
  1 =>    0 =>   0 ( -1)  |    0 =>    0 ( -1)  |    0 =>    0 ( -1)
  2 =>    0 =>   0 ( -2)  |    0 =>    0 ( -2)  |    0 =>    0 ( -2)
  3 =>    0 =>   0 ( -3)  |    0 =>    0 ( -3)  |    0 =>    0 ( -3)
  4 =>    0 =>   0 ( -4)  |    0 =>    0 ( -4)  |    0 =>    0 ( -4)
  5 =>    0 =>   0 ( -5)  |    0 =>    0 ( -5)  |    0 =>    0 ( -5)
  6 =>    0 =>   0 ( -6)  |    0 =>    0 ( -6)  |    0 =>    0 ( -6)
  7 =>    0 =>   0 ( -7)  |    0 =>    0 ( -7)  |    0 =>    0 ( -7)
  8 =>    0 =>   0 ( -8)  |    0 =>    0 ( -8)  |    0 =>    0 ( -8)
  9 =>    0 =>   0 ( -9)  |    0 =>    0 ( -9)  |    0 =>    0 ( -9)
 10 =>    0 =>   0 (-10)  |    0 =>    0 (-10)  |    0 =>    0 (-10)
 11 =>    0 =>   0 (-11)  |    0 =>    0 (-11)  |    0 =>    0 (-11)
 12 =>    0 =>   0 (-12)  |    0 =>    0 (-12)  |    0 =>    0 (-12)
 13 =>    0 =>   0 (-13)  |    0 =>    0 (-13)  |    0 =>    0 (-13)
 14 =>    0 =>   0 (-14)  |    0 =>    0 (-14)  |    0 =>    0 (-14)
 15 =>    0 =>   0 (-15)  |    0 =>    0 (-15)  |    0 =>    0 (-15)
 16 =>    0 =>   0 (-16)  |    0 =>    0 (-16)  |    0 =>    0 (-16)
 17 =>    0 =>   0 (-17)  |    0 =>    0 (-17)  |    0 =>    0 (-17)
 18 =>    0 =>   0 (-18)  |    0 =>    0 (-18)  |    0 =>    0 (-18)
 19 =>    0 =>   0 (-19)  |    0 =>    0 (-19)  |    0 =>    0 (-19)
 20 =>    1 =>  15 ( -5)  |    1 =>   18 ( -2)  |    0 =>    0 (-20)
 21 =>    1 =>  15 ( -6)  |    1 =>   18 ( -3)  |    0 =>    0 (-21)
 22 =>    1 =>  15 ( -7)  |    1 =>   18 ( -4)  |    0 =>    0 (-22)
 23 =>    1 =>  15 ( -8)  |    1 =>   18 ( -5)  |    0 =>    0 (-23)
 24 =>    1 =>  15 ( -9)  |    1 =>   18 ( -6)  |    0 =>    0 (-24)
 25 =>    1 =>  15 (-10)  |    1 =>   18 ( -7)  |    0 =>    0 (-25)
 26 =>    1 =>  15 (-11)  |    1 =>   18 ( -8)  |    0 =>    0 (-26)
 27 =>    1 =>  15 (-12)  |    1 =>   18 ( -9)  |    0 =>    0 (-27)
 28 =>    1 =>  15 (-13)  |    1 =>   18 (-10)  |    0 =>    0 (-28)
 29 =>    1 =>  15 (-14)  |    1 =>   18 (-11)  |    0 =>    0 (-29)
 30 =>    1 =>  15 (-15)  |    1 =>   18 (-12)  |    0 =>    0 (-30)
 31 =>    1 =>  15 (-16)  |    1 =>   18 (-13)  |    0 =>    0 (-31)
 32 =>    1 =>  15 (-17)  |    1 =>   18 (-14)  |    0 =>    0 (-32)
 33 =>    1 =>  15 (-18)  |    1 =>   18 (-15)  |    0 =>    0 (-33)
 34 =>    1 =>  15 (-19)  |    1 =>   18 (-16)  |    0 =>    0 (-34)
 35 =>    1 =>  15 (-20)  |    1 =>   18 (-17)  |    0 =>    0 (-35)
 36 =>    1 =>  15 (-21)  |    1 =>   18 (-18)  |    0 =>    0 (-36)
 37 =>    1 =>  15 (-22)  |    1 =>   18 (-19)  |    0 =>    0 (-37)
 38 =>    1 =>  15 (-23)  |    1 =>   18 (-20)  |    0 =>    0 (-38)
 39 =>    1 =>  15 (-24)  |    1 =>   18 (-21)  |    0 =>    0 (-39)
 40 =>    2 =>  25 (-15)  |    2 =>   30 (-10)  |    1 =>   18 (-22)
 41 =>    2 =>  25 (-16)  |    2 =>   30 (-11)  |    1 =>   18 (-23)
 42 =>    2 =>  25 (-17)  |    2 =>   30 (-12)  |    1 =>   18 (-24)
 43 =>    2 =>  25 (-18)  |    2 =>   30 (-13)  |    1 =>   18 (-25)
 44 =>    2 =>  25 (-19)  |    2 =>   30 (-14)  |    1 =>   18 (-26)
 45 =>    2 =>  25 (-20)  |    2 =>   30 (-15)  |    1 =>   18 (-27)
 46 =>    2 =>  25 (-21)  |    2 =>   30 (-16)  |    1 =>   18 (-28)
 47 =>    2 =>  25 (-22)  |    2 =>   30 (-17)  |    1 =>   18 (-29)
 48 =>    2 =>  25 (-23)  |    2 =>   30 (-18)  |    1 =>   18 (-30)
 49 =>    2 =>  25 (-24)  |    2 =>   30 (-19)  |    1 =>   18 (-31)
 50 =>    2 =>  25 (-25)  |    2 =>   30 (-20)  |    1 =>   18 (-32)
 51 =>    2 =>  25 (-26)  |    2 =>   30 (-21)  |    1 =>   18 (-33)
 52 =>    2 =>  25 (-27)  |    2 =>   30 (-22)  |    1 =>   18 (-34)
 53 =>    2 =>  25 (-28)  |    2 =>   30 (-23)  |    1 =>   18 (-35)
 54 =>    2 =>  25 (-29)  |    2 =>   30 (-24)  |    1 =>   18 (-36)
 55 =>    2 =>  25 (-30)  |    2 =>   30 (-25)  |    1 =>   18 (-37)
 56 =>    2 =>  25 (-31)  |    2 =>   30 (-26)  |    1 =>   18 (-38)
 57 =>    2 =>  25 (-32)  |    2 =>   30 (-27)  |    1 =>   18 (-39)
 58 =>    2 =>  25 (-33)  |    2 =>   30 (-28)  |    1 =>   18 (-40)
 59 =>    2 =>  25 (-34)  |    2 =>   30 (-29)  |    1 =>   18 (-41)
 60 =>    3 =>  35 (-25)  |    2 =>   30 (-30)  |    2 =>   30 (-30)
 61 =>    3 =>  35 (-26)  |    2 =>   30 (-31)  |    2 =>   30 (-31)
 62 =>    3 =>  35 (-27)  |    2 =>   30 (-32)  |    2 =>   30 (-32)
 63 =>    3 =>  35 (-28)  |    2 =>   30 (-33)  |    2 =>   30 (-33)
 64 =>    3 =>  35 (-29)  |    2 =>   30 (-34)  |    2 =>   30 (-34)
 65 =>    3 =>  35 (-30)  |    2 =>   30 (-35)  |    2 =>   30 (-35)
 66 =>    3 =>  35 (-31)  |    2 =>   30 (-36)  |    2 =>   30 (-36)
 67 =>    3 =>  35 (-32)  |    2 =>   30 (-37)  |    2 =>   30 (-37)
 68 =>    3 =>  35 (-33)  |    2 =>   30 (-38)  |    2 =>   30 (-38)
 69 =>    3 =>  35 (-34)  |    2 =>   30 (-39)  |    2 =>   30 (-39)
 70 =>    3 =>  35 (-35)  |    2 =>   30 (-40)  |    2 =>   30 (-40)
 71 =>    3 =>  35 (-36)  |    2 =>   30 (-41)  |    2 =>   30 (-41)
 72 =>    3 =>  35 (-37)  |    2 =>   30 (-42)  |    2 =>   30 (-42)
 73 =>    3 =>  35 (-38)  |    2 =>   30 (-43)  |    2 =>   30 (-43)
 74 =>    3 =>  35 (-39)  |    2 =>   30 (-44)  |    2 =>   30 (-44)
 75 =>    3 =>  35 (-40)  |    2 =>   30 (-45)  |    2 =>   30 (-45)
 76 =>    3 =>  35 (-41)  |    2 =>   30 (-46)  |    2 =>   30 (-46)
 77 =>    3 =>  35 (-42)  |    2 =>   30 (-47)  |    2 =>   30 (-47)
 78 =>    3 =>  35 (-43)  |    2 =>   30 (-48)  |    2 =>   30 (-48)
 79 =>    3 =>  35 (-44)  |    2 =>   30 (-49)  |    2 =>   30 (-49)
 80 =>    4 =>  45 (-35)  |    3 =>   42 (-38)  |    3 =>   42 (-38)
 81 =>    4 =>  45 (-36)  |    3 =>   42 (-39)  |    3 =>   42 (-39)
 82 =>    4 =>  45 (-37)  |    3 =>   42 (-40)  |    3 =>   42 (-40)
 83 =>    4 =>  45 (-38)  |    3 =>   42 (-41)  |    3 =>   42 (-41)
 84 =>    4 =>  45 (-39)  |    3 =>   42 (-42)  |    3 =>   42 (-42)
 85 =>    4 =>  45 (-40)  |    3 =>   42 (-43)  |    3 =>   42 (-43)
 86 =>    4 =>  45 (-41)  |    3 =>   42 (-44)  |    3 =>   42 (-44)
 87 =>    4 =>  45 (-42)  |    3 =>   42 (-45)  |    3 =>   42 (-45)
 88 =>    4 =>  45 (-43)  |    3 =>   42 (-46)  |    3 =>   42 (-46)
 89 =>    4 =>  45 (-44)  |    3 =>   42 (-47)  |    3 =>   42 (-47)
 90 =>    4 =>  45 (-45)  |    3 =>   42 (-48)  |    3 =>   42 (-48)
 91 =>    4 =>  45 (-46)  |    3 =>   42 (-49)  |    3 =>   42 (-49)
 92 =>    4 =>  45 (-47)  |    3 =>   42 (-50)  |    3 =>   42 (-50)
 93 =>    4 =>  45 (-48)  |    3 =>   42 (-51)  |    3 =>   42 (-51)
 94 =>    4 =>  45 (-49)  |    3 =>   42 (-52)  |    3 =>   42 (-52)
 95 =>    4 =>  45 (-50)  |    3 =>   42 (-53)  |    3 =>   42 (-53)
 96 =>    4 =>  45 (-51)  |    3 =>   42 (-54)  |    3 =>   42 (-54)
 97 =>    4 =>  45 (-52)  |    3 =>   42 (-55)  |    3 =>   42 (-55)
 98 =>    4 =>  45 (-53)  |    3 =>   42 (-56)  |    3 =>   42 (-56)
 99 =>    4 =>  45 (-54)  |    3 =>   42 (-57)  |    3 =>   42 (-57)
100 =>    5 =>  55 (-45)  |    4 =>   54 (-46)  |    4 =>   54 (-46)
101 =>    5 =>  55 (-46)  |    4 =>   54 (-47)  |    4 =>   54 (-47)
102 =>    5 =>  55 (-47)  |    4 =>   54 (-48)  |    4 =>   54 (-48)
103 =>    5 =>  55 (-48)  |    4 =>   54 (-49)  |    4 =>   54 (-49)
104 =>    5 =>  55 (-49)  |    4 =>   54 (-50)  |    4 =>   54 (-50)
105 =>    5 =>  55 (-50)  |    4 =>   54 (-51)  |    4 =>   54 (-51)
106 =>    5 =>  55 (-51)  |    4 =>   54 (-52)  |    4 =>   54 (-52)
107 =>    5 =>  55 (-52)  |    4 =>   54 (-53)  |    4 =>   54 (-53)
108 =>    5 =>  55 (-53)  |    4 =>   54 (-54)  |    4 =>   54 (-54)
109 =>    5 =>  55 (-54)  |    4 =>   54 (-55)  |    4 =>   54 (-55)
110 =>    5 =>  55 (-55)  |    4 =>   54 (-56)  |    4 =>   54 (-56)
111 =>    5 =>  55 (-56)  |    4 =>   54 (-57)  |    4 =>   54 (-57)
112 =>    5 =>  55 (-57)  |    4 =>   54 (-58)  |    4 =>   54 (-58)
113 =>    5 =>  55 (-58)  |    4 =>   54 (-59)  |    4 =>   54 (-59)
114 =>    5 =>  55 (-59)  |    4 =>   54 (-60)  |    4 =>   54 (-60)
115 =>    5 =>  55 (-60)  |    4 =>   54 (-61)  |    4 =>   54 (-61)
116 =>    5 =>  55 (-61)  |    4 =>   54 (-62)  |    4 =>   54 (-62)
117 =>    5 =>  55 (-62)  |    4 =>   54 (-63)  |    4 =>   54 (-63)
118 =>    5 =>  55 (-63)  |    4 =>   54 (-64)  |    4 =>   54 (-64)
119 =>    5 =>  55 (-64)  |    4 =>   54 (-65)  |    4 =>   54 (-65)
120 =>    6 =>  65 (-55)  |    5 =>   66 (-54)  |    5 =>   66 (-54)
121 =>    6 =>  65 (-56)  |    5 =>   66 (-55)  |    5 =>   66 (-55)
122 =>    6 =>  65 (-57)  |    5 =>   66 (-56)  |    5 =>   66 (-56)
123 =>    6 =>  65 (-58)  |    5 =>   66 (-57)  |    5 =>   66 (-57)
124 =>    6 =>  65 (-59)  |    5 =>   66 (-58)  |    5 =>   66 (-58)
125 =>    6 =>  65 (-60)  |    5 =>   66 (-59)  |    5 =>   66 (-59)
126 =>    6 =>  65 (-61)  |    5 =>   66 (-60)  |    5 =>   66 (-60)
127 =>    6 =>  65 (-62)  |    5 =>   66 (-61)  |    5 =>   66 (-61)
128 =>    6 =>  65 (-63)  |    5 =>   66 (-62)  |    5 =>   66 (-62)

