
Raw data size: 3840000 bytes
120000 cells read
QAM rate: 51300000 bps
Schedule window size: 4 ms
Number of slots in mux table: 137
Slot interval: 00000314


Period 0:
  Descriptor base: 0

Input: 00000000 -> 0001a5e0

Mux: ffd6cd20 -> ffd87300


Period 1:
  Descriptor base: 1370

Input: 0001a5e0 -> 00034bc0

Mux: ffd87300 -> ffda18e0


Period 2:
  Descriptor base: 2740

Input: 00034bc0 -> 0004f1a0

Mux: ffda18e0 -> ffdbbec0


Period 3:
  Descriptor base: 4110

Input: 0004f1a0 -> 00069780

Mux: ffdbbec0 -> ffdd64a0


Period 4:
  Descriptor base: 5480

Input: 00069780 -> 00083d60

Mux: ffdd64a0 -> ffdf0a80


Period 5:
  Descriptor base: 6850

Input: 00083d60 -> 0009e340

Mux: ffdf0a80 -> ffe0b060


Period 6:
  Descriptor base: 8220

Input: 0009e340 -> 000b8920

Mux: ffe0b060 -> ffe25640


Period 7:
  Descriptor base: 9590

Input: 000b8920 -> 000d2f00

Mux: ffe25640 -> ffe3fc20


Period 8:
  Descriptor base: 10960

Input: 000d2f00 -> 000ed4e0

Mux: ffe3fc20 -> ffe5a200


Period 9:
  Descriptor base: 12330

Input: 000ed4e0 -> 00107ac0

Mux: ffe5a200 -> ffe747e0


Period 10:
  Descriptor base: 13700

Input: 00107ac0 -> 001220a0

Mux: ffe747e0 -> ffe8edc0


Period 11:
  Descriptor base: 15070

Input: 001220a0 -> 0013c680

Mux: ffe8edc0 -> ffea93a0


Period 12:
  Descriptor base: 16440

Input: 0013c680 -> 00156c60

Mux: ffea93a0 -> ffec3980


Period 13:
  Descriptor base: 17810

Input: 00156c60 -> 00171240

Mux: ffec3980 -> ffeddf60


Period 14:
  Descriptor base: 19180

Input: 00171240 -> 0018b820

Mux: ffeddf60 -> ffef8540


Period 15:
  Descriptor base: 20550

Input: 0018b820 -> 001a5e00

Mux: ffef8540 -> fff12b20


Period 16:
  Descriptor base: 21920

Input: 001a5e00 -> 001c03e0

Mux: fff12b20 -> fff2d100


Period 17:
  Descriptor base: 23290

Input: 001c03e0 -> 001da9c0

Mux: fff2d100 -> fff476e0


Period 18:
  Descriptor base: 24660

Input: 001da9c0 -> 001f4fa0

Mux: fff476e0 -> fff61cc0


Period 19:
  Descriptor base: 26030

Input: 001f4fa0 -> 0020f580

Mux: fff61cc0 -> fff7c2a0


Period 20:
  Descriptor base: 27400

Input: 0020f580 -> 00229b60

Mux: fff7c2a0 -> fff96880


Period 21:
  Descriptor base: 28770

Input: 00229b60 -> 00244140

Mux: fff96880 -> fffb0e60


Period 22:
  Descriptor base: 30140

Input: 00244140 -> 0025e720

Mux: fffb0e60 -> fffcb440


Period 23:
  Descriptor base: 31510

Input: 0025e720 -> 00278d00

Mux: fffcb440 -> fffe5a20


Period 24:
  Descriptor base: 32880

Input: 00278d00 -> 002932e0

Mux: fffe5a20 -> 00000000


Period 25:
  Descriptor base: 34250

Input: 002932e0 -> 002ad8c0

Mux: 00000000 -> 0001a5e0


Period 26:
  Descriptor base: 35620

Input: 002ad8c0 -> 002c7ea0

Mux: 0001a5e0 -> 00034bc0


Period 27:
  Descriptor base: 36990

Input: 002c7ea0 -> 002e2480

Mux: 00034bc0 -> 0004f1a0


Period 28:
  Descriptor base: 38360

Input: 002e2480 -> 002fca60

Mux: 0004f1a0 -> 00069780


Period 29:
  Descriptor base: 39730

Input: 002fca60 -> 00317040

Mux: 00069780 -> 00083d60


Period 30:
  Descriptor base: 41100

Input: 00317040 -> 00331620

Mux: 00083d60 -> 0009e340


Period 31:
  Descriptor base: 42470

Input: 00331620 -> 0034bc00

Mux: 0009e340 -> 000b8920


Period 32:
  Descriptor base: 43840

Input: 0034bc00 -> 003661e0

Mux: 000b8920 -> 000d2f00


Period 33:
  Descriptor base: 45210

Input: 003661e0 -> 003807c0

Mux: 000d2f00 -> 000ed4e0


Period 34:
  Descriptor base: 46580

Input: 003807c0 -> 0039ada0

Mux: 000ed4e0 -> 00107ac0


Period 35:
  Descriptor base: 47950

Input: 0039ada0 -> 003b5380

Mux: 00107ac0 -> 001220a0


Period 36:
  Descriptor base: 49320

Input: 003b5380 -> 003cf960

Mux: 001220a0 -> 0013c680


Period 37:
  Descriptor base: 50690

Input: 003cf960 -> 003e9f40

Mux: 0013c680 -> 00156c60


Period 38:
  Descriptor base: 52060

Input: 003e9f40 -> 00404520

Mux: 00156c60 -> 00171240


Period 39:
  Descriptor base: 53430

Input: 00404520 -> 0041eb00

Mux: 00171240 -> 0018b820


Period 40:
  Descriptor base: 54800

Input: 0041eb00 -> 004390e0

Mux: 0018b820 -> 001a5e00


Period 41:
  Descriptor base: 56170

Input: 004390e0 -> 004536c0

Mux: 001a5e00 -> 001c03e0


Period 42:
  Descriptor base: 57540

Input: 004536c0 -> 0046dca0

Mux: 001c03e0 -> 001da9c0


Period 43:
  Descriptor base: 58910

Input: 0046dca0 -> 00488280

Mux: 001da9c0 -> 001f4fa0


Period 44:
  Descriptor base: 60280

Input: 00488280 -> 004a2860

Mux: 001f4fa0 -> 0020f580


Period 45:
  Descriptor base: 61650

Input: 004a2860 -> 004bce40

Mux: 0020f580 -> 00229b60


Period 46:
  Descriptor base: 63020

Input: 004bce40 -> 004d7420

Mux: 00229b60 -> 00244140


Period 47:
  Descriptor base: 64390

Input: 004d7420 -> 004f1a00

Mux: 00244140 -> 0025e720


Period 48:
  Descriptor base: 65760

Input: 004f1a00 -> 0050bfe0

Mux: 0025e720 -> 00278d00


Period 49:
  Descriptor base: 67130

Input: 0050bfe0 -> 005265c0

Mux: 00278d00 -> 002932e0


Period 50:
  Descriptor base: 68500

Input: 005265c0 -> 00540ba0

Mux: 002932e0 -> 002ad8c0


Period 51:
  Descriptor base: 69870

Input: 00540ba0 -> 0055b180

Mux: 002ad8c0 -> 002c7ea0


Period 52:
  Descriptor base: 71240

Input: 0055b180 -> 00575760

Mux: 002c7ea0 -> 002e2480


Period 53:
  Descriptor base: 72610

Input: 00575760 -> 0058fd40

Mux: 002e2480 -> 002fca60
  All slots used up
  All slots used up
  All slots used up
  All slots used up


Period 54:
  Descriptor base: 73980

Input: 0058fd40 -> 005aa320

Mux: 002fca60 -> 00317040
  All slots used up
  All slots used up
  All slots used up


Period 55:
  Descriptor base: 75350

Input: 005aa320 -> 005c4900

Mux: 00317040 -> 00331620
  All slots used up
  All slots used up
  All slots used up
  All slots used up
  All slots used up
  All slots used up
  All slots used up
  All slots used up


Period 56:
  Descriptor base: 76720

Input: 005c4900 -> 005deee0

Mux: 00331620 -> 0034bc00
  All slots used up
  All slots used up
  All slots used up
  All slots used up
  All slots used up
  All slots used up


Period 57:
  Descriptor base: 78090

Input: 005deee0 -> 005f94c0

Mux: 0034bc00 -> 003661e0
  All slots used up
  All slots used up
  All slots used up
  All slots used up
  All slots used up
  All slots used up
  All slots used up
  All slots used up
  All slots used up


Period 58:
  Descriptor base: 79460

Input: 005f94c0 -> 00613aa0

Mux: 003661e0 -> 003807c0
  All slots used up
  All slots used up
  All slots used up
  All slots used up
  All slots used up
  All slots used up
  All slots used up


Period 59:
  Descriptor base: 80830

Input: 00613aa0 -> 0062e080

Mux: 003807c0 -> 0039ada0
  All slots used up
  All slots used up
  All slots used up
  All slots used up


Period 60:
  Descriptor base: 82200

Input: 0062e080 -> 00648660

Mux: 0039ada0 -> 003b5380
  All slots used up
  All slots used up
  All slots used up
  All slots used up
  All slots used up
  All slots used up


Period 61:
  Descriptor base: 83570

Input: 00648660 -> 00662c40

Mux: 003b5380 -> 003cf960
  All slots used up
  All slots used up
  All slots used up
  All slots used up
  All slots used up
  All slots used up
  All slots used up
  All slots used up


Period 62:
  Descriptor base: 84940

Input: 00662c40 -> 0067d220

Mux: 003cf960 -> 003e9f40
  All slots used up
  All slots used up
  All slots used up
  All slots used up
  All slots used up
  All slots used up
  All slots used up
  All slots used up
  All slots used up


Period 63:
  Descriptor base: 86310

Input: 0067d220 -> 00697800

Mux: 003e9f40 -> 00404520
  All slots used up
  All slots used up
  All slots used up
  All slots used up
  All slots used up
  All slots used up
  All slots used up
  All slots used up
  All slots used up
  All slots used up
  All slots used up
  All slots used up
  All slots used up


Period 64:
  Descriptor base: 87680

Input: 00697800 -> 006b1de0

Mux: 00404520 -> 0041eb00
  All slots used up
  All slots used up
  All slots used up
  All slots used up
  All slots used up
  All slots used up
  All slots used up


Period 65:
  Descriptor base: 89050

Input: 006b1de0 -> 006cc3c0

Mux: 0041eb00 -> 004390e0
  All slots used up
  All slots used up
  All slots used up
  All slots used up
  All slots used up
  All slots used up
  All slots used up
  All slots used up
  All slots used up
  All slots used up
  All slots used up


Period 66:
  Descriptor base: 90420

Input: 006cc3c0 -> 006e69a0

Mux: 004390e0 -> 004536c0
  All slots used up
  All slots used up
  All slots used up
  All slots used up
  All slots used up
  All slots used up
  All slots used up
  All slots used up
  All slots used up


Period 67:
  Descriptor base: 91790

Input: 006e69a0 -> 00700f80

Mux: 004536c0 -> 0046dca0
  All slots used up
  All slots used up
  All slots used up
  All slots used up


Period 68:
  Descriptor base: 93160

Input: 00700f80 -> 0071b560

Mux: 0046dca0 -> 00488280
  All slots used up
  All slots used up
  All slots used up
  All slots used up
  All slots used up
  All slots used up
  All slots used up
  All slots used up
  All slots used up
  All slots used up


Period 69:
  Descriptor base: 94530

Input: 0071b560 -> 00735b40

Mux: 00488280 -> 004a2860
  All slots used up
  All slots used up
  All slots used up


Period 70:
  Descriptor base: 95900

Input: 00735b40 -> 00750120

Mux: 004a2860 -> 004bce40
  All slots used up
  All slots used up
  All slots used up
  All slots used up
  All slots used up
  All slots used up
  All slots used up
  All slots used up
  All slots used up
  All slots used up
  All slots used up
  All slots used up
  All slots used up
  All slots used up
  All slots used up


Period 71:
  Descriptor base: 97270

Input: 00750120 -> 0076a700

Mux: 004bce40 -> 004d7420
  All slots used up
  All slots used up
  All slots used up
  All slots used up


Period 72:
  Descriptor base: 98640

Input: 0076a700 -> 00784ce0

Mux: 004d7420 -> 004f1a00
  All slots used up
  All slots used up
  All slots used up
  All slots used up
  All slots used up
  All slots used up
  All slots used up
  All slots used up


Period 73:
  Descriptor base: 100010

Input: 00784ce0 -> 0079f2c0

Mux: 004f1a00 -> 0050bfe0
  All slots used up
  All slots used up
  All slots used up


Period 74:
  Descriptor base: 101380

Input: 0079f2c0 -> 007b98a0

Mux: 0050bfe0 -> 005265c0
  All slots used up
  All slots used up
  All slots used up
  All slots used up
  All slots used up
  All slots used up
  All slots used up
  All slots used up
  All slots used up
  All slots used up
  All slots used up
  All slots used up
  All slots used up
  All slots used up
  All slots used up


Period 75:
  Descriptor base: 102750

Input: 007b98a0 -> 007d3e80

Mux: 005265c0 -> 00540ba0
  All slots used up
  All slots used up
  All slots used up
  All slots used up
  All slots used up
  All slots used up
  All slots used up
  All slots used up
  All slots used up
  All slots used up
  All slots used up
  All slots used up
  All slots used up
  All slots used up
  All slots used up
  All slots used up
  All slots used up
  All slots used up


Period 76:
  Descriptor base: 104120

Input: 007d3e80 -> 007ee460

Mux: 00540ba0 -> 0055b180
  All slots used up
  All slots used up
  All slots used up
  All slots used up
  All slots used up
  All slots used up
  All slots used up
  All slots used up
  All slots used up
  All slots used up
  All slots used up
  All slots used up
  All slots used up
  All slots used up
  All slots used up
  All slots used up
  All slots used up


Period 77:
  Descriptor base: 105490

Input: 007ee460 -> 00808a40

Mux: 0055b180 -> 00575760
  All slots used up
  All slots used up
  All slots used up
  All slots used up
  All slots used up
  All slots used up
  All slots used up
  All slots used up
  All slots used up
  All slots used up
  All slots used up
  All slots used up
  All slots used up
  All slots used up
  All slots used up
  All slots used up
  All slots used up
  All slots used up
  All slots used up


Period 78:
  Descriptor base: 106860

Input: 00808a40 -> 00823020

Mux: 00575760 -> 0058fd40
  All slots used up
  All slots used up
  All slots used up
  All slots used up
  All slots used up
  All slots used up
  All slots used up
  All slots used up
  All slots used up
  All slots used up
  All slots used up


Period 79:
  Descriptor base: 108230

Input: 00823020 -> 0083d600

Mux: 0058fd40 -> 005aa320
  All slots used up
  All slots used up
  All slots used up
  All slots used up
  All slots used up
  All slots used up
  All slots used up
  All slots used up
  All slots used up
  All slots used up
  All slots used up


Period 80:
  Descriptor base: 109600

Input: 0083d600 -> 00857be0

Mux: 005aa320 -> 005c4900
  All slots used up
  All slots used up
  All slots used up
  All slots used up
  All slots used up
  All slots used up
  All slots used up
  All slots used up
  All slots used up
  All slots used up


Period 81:
  Descriptor base: 110970

Input: 00857be0 -> 008721c0

Mux: 005c4900 -> 005deee0
  All slots used up
  All slots used up
  All slots used up
  All slots used up
  All slots used up
  All slots used up
  All slots used up
  All slots used up
  All slots used up
  All slots used up
  All slots used up


Period 82:
  Descriptor base: 112340

Input: 008721c0 -> 0088c7a0

Mux: 005deee0 -> 005f94c0
  All slots used up
  All slots used up
  All slots used up
  All slots used up
  All slots used up
  All slots used up
  All slots used up
  All slots used up
  All slots used up
  All slots used up
  All slots used up
  All slots used up
  All slots used up


Period 83:
  Descriptor base: 113710

Input: 0088c7a0 -> 008a6d80

Mux: 005f94c0 -> 00613aa0
  All slots used up
  All slots used up
  All slots used up
  All slots used up
  All slots used up
  All slots used up
  All slots used up
  All slots used up
  All slots used up
  All slots used up
  All slots used up
  All slots used up
  All slots used up


Period 84:
  Descriptor base: 115080

Input: 008a6d80 -> 008c1360

Mux: 00613aa0 -> 0062e080
  All slots used up
  All slots used up
  All slots used up
  All slots used up
  All slots used up
  All slots used up
  All slots used up
  All slots used up
  All slots used up
  All slots used up
  All slots used up
  All slots used up
  All slots used up
  All slots used up


Period 85:
  Descriptor base: 116450

Input: 008c1360 -> 008db940

Mux: 0062e080 -> 00648660
  All slots used up
  All slots used up
  All slots used up
  All slots used up
  All slots used up
  All slots used up
  All slots used up
  All slots used up
  All slots used up
  All slots used up
  All slots used up
  All slots used up
  All slots used up
  All slots used up
  All slots used up
  All slots used up
  All slots used up
  All slots used up


Period 86:
  Descriptor base: 117820

Input: 008db940 -> 008f5f20

Mux: 00648660 -> 00662c40
  All slots used up
  All slots used up
  All slots used up
  All slots used up
  All slots used up
  All slots used up
  All slots used up
  All slots used up
  All slots used up
  All slots used up
  All slots used up
  All slots used up


Period 87:
  Descriptor base: 119190

Input: 008f5f20 -> 00910500

Mux: 00662c40 -> 0067d220
  All slots used up
  All slots used up
  All slots used up
  All slots used up
  All slots used up
  All slots used up
  All slots used up
  All slots used up
  All slots used up
  All slots used up
  All slots used up
  All slots used up
  All slots used up
  All slots used up
  All slots used up
  All slots used up


Period 88:
  Descriptor base: 120560

Input: 00910500 -> 0092aae0

Mux: 0067d220 -> 00697800
  All slots used up
  All slots used up
  All slots used up
  All slots used up
  All slots used up
  All slots used up
  All slots used up
  All slots used up
  All slots used up


Period 89:
  Descriptor base: 121930

Input: 0092aae0 -> 009450c0

Mux: 00697800 -> 006b1de0
  All slots used up
  All slots used up
  All slots used up
  All slots used up
  All slots used up
  All slots used up


Period 90:
  Descriptor base: 123300

Input: 009450c0 -> 0095f6a0

Mux: 006b1de0 -> 006cc3c0
  All slots used up
  All slots used up
  All slots used up
  All slots used up
  All slots used up
  All slots used up
  All slots used up
  All slots used up
  All slots used up
  All slots used up
  All slots used up
  All slots used up
  All slots used up


Period 91:
  Descriptor base: 124670

Input: 0095f6a0 -> 00979c80

Mux: 006cc3c0 -> 006e69a0
  All slots used up
  All slots used up
  All slots used up
  All slots used up
  All slots used up
  All slots used up
  All slots used up
  All slots used up
  All slots used up
  All slots used up
  All slots used up
  All slots used up
  All slots used up
  All slots used up


Period 92:
  Descriptor base: 126040

Input: 00979c80 -> 00994260

Mux: 006e69a0 -> 00700f80
  All slots used up
  All slots used up
  All slots used up
  All slots used up
  All slots used up
  All slots used up
  All slots used up
  All slots used up
  All slots used up
  All slots used up


Period 93:
  Descriptor base: 127410

Input: 00994260 -> 009ae840

Mux: 00700f80 -> 0071b560
  All slots used up
  All slots used up
  All slots used up
  All slots used up
  All slots used up
  All slots used up
  All slots used up
  All slots used up
  All slots used up
  All slots used up
  All slots used up


Period 94:
  Descriptor base: 128780

Input: 009ae840 -> 009c8e20

Mux: 0071b560 -> 00735b40
  All slots used up
  All slots used up
  All slots used up
  All slots used up
  All slots used up
  All slots used up
  All slots used up
  All slots used up
  All slots used up
  All slots used up
  All slots used up


Period 95:
  Descriptor base: 130150

Input: 009c8e20 -> 009e3400

Mux: 00735b40 -> 00750120
  All slots used up
  All slots used up
  All slots used up
  All slots used up
  All slots used up
  All slots used up


Period 96:
  Descriptor base: 131520

Input: 009e3400 -> 009fd9e0

Mux: 00750120 -> 0076a700
  All slots used up
  All slots used up
  All slots used up
  All slots used up
  All slots used up
  All slots used up
  All slots used up
  All slots used up


Period 97:
  Descriptor base: 132890

Input: 009fd9e0 -> 00a17fc0

Mux: 0076a700 -> 00784ce0
  All slots used up
  All slots used up
  All slots used up
  All slots used up
  All slots used up
  All slots used up
  All slots used up
  All slots used up
  All slots used up
  All slots used up


Period 98:
  Descriptor base: 134260

Input: 00a17fc0 -> 00a325a0

Mux: 00784ce0 -> 0079f2c0
  All slots used up
  All slots used up
  All slots used up
  All slots used up
  All slots used up
  All slots used up
  All slots used up
  All slots used up
  All slots used up
  All slots used up


Period 99:
  Descriptor base: 135630

Input: 00a325a0 -> 00a4cb80

Mux: 0079f2c0 -> 007b98a0
  All slots used up
  All slots used up
  All slots used up
  All slots used up
  All slots used up
  All slots used up
  All slots used up
  All slots used up
  All slots used up
  All slots used up


Period 100:
  Descriptor base: 137000

Input: 00a4cb80 -> 00a67160

Mux: 007b98a0 -> 007d3e80
  All slots used up
  All slots used up
  All slots used up
  All slots used up
  All slots used up
  All slots used up
  All slots used up
  All slots used up
  All slots used up
  All slots used up


Period 101:
  Descriptor base: 138370

Input: 00a67160 -> 00a81740

Mux: 007d3e80 -> 007ee460
  All slots used up
  All slots used up
  All slots used up
  All slots used up
  All slots used up
  All slots used up
  All slots used up


Period 102:
  Descriptor base: 139740

Input: 00a81740 -> 00a9bd20

Mux: 007ee460 -> 00808a40
  All slots used up
  All slots used up
  All slots used up
  All slots used up
  All slots used up
  All slots used up
  All slots used up
  All slots used up
  All slots used up
  All slots used up


Period 103:
  Descriptor base: 141110

Input: 00a9bd20 -> 00ab6300

Mux: 00808a40 -> 00823020
  All slots used up
  All slots used up
  All slots used up
  All slots used up
  All slots used up
  All slots used up
  All slots used up
  All slots used up
  All slots used up
  All slots used up
  All slots used up
  All slots used up
  All slots used up
  All slots used up
  All slots used up
  All slots used up


Period 104:
  Descriptor base: 142480

Input: 00ab6300 -> 00ad08e0
** Packet buffer pointer wrap around


Mux: 00823020 -> 0083d600
  All slots used up
  All slots used up
  All slots used up
  All slots used up
  All slots used up
  All slots used up
  All slots used up
  All slots used up
  All slots used up
  All slots used up
  All slots used up
  All slots used up
  All slots used up
  All slots used up


Period 105:
  Descriptor base: 143850

Input: 00ad08e0 -> 00aeaec0
** Packet buffer pointer wrap around


Mux: 0083d600 -> 00857be0


Period 106:
  Descriptor base: 145220

Input: 00aeaec0 -> 00b054a0
** Packet buffer pointer wrap around

** Packet buffer pointer wrap around


Mux: 00857be0 -> 008721c0


Period 107:
  Descriptor base: 146590

Input: 00b054a0 -> 00b1fa80
** Packet buffer pointer wrap around


Mux: 008721c0 -> 0088c7a0


Period 108:
  Descriptor base: 147960

Input: 00b1fa80 -> 00b3a060
** Packet buffer pointer wrap around

** Packet buffer pointer wrap around


Mux: 0088c7a0 -> 008a6d80


Period 109:
  Descriptor base: 149330

Input: 00b3a060 -> 00b54640
** Packet buffer pointer wrap around


Mux: 008a6d80 -> 008c1360


Period 110:
  Descriptor base: 150700

Input: 00b54640 -> 00b6ec20
** Packet buffer pointer wrap around


Mux: 008c1360 -> 008db940


Period 111:
  Descriptor base: 152070

Input: 00b6ec20 -> 00b89200
** Packet buffer pointer wrap around

** Packet buffer pointer wrap around


Mux: 008db940 -> 008f5f20


Period 112:
  Descriptor base: 153440

Input: 00b89200 -> 00ba37e0
** Packet buffer pointer wrap around


Mux: 008f5f20 -> 00910500


Period 113:
  Descriptor base: 154810

Input: 00ba37e0 -> 00bbddc0
** Packet buffer pointer wrap around

** Packet buffer pointer wrap around


Mux: 00910500 -> 0092aae0


Period 114:
  Descriptor base: 156180

Input: 00bbddc0 -> 00bd83a0
** Packet buffer pointer wrap around


Mux: 0092aae0 -> 009450c0


Period 115:
  Descriptor base: 157550

Input: 00bd83a0 -> 00bf2980
** Packet buffer pointer wrap around

** Packet buffer pointer wrap around


Mux: 009450c0 -> 0095f6a0


Period 116:
  Descriptor base: 158920

Input: 00bf2980 -> 00c0cf60
** Packet buffer pointer wrap around


Mux: 0095f6a0 -> 00979c80


Period 117:
  Descriptor base: 160290

Input: 00c0cf60 -> 00c27540
** Packet buffer pointer wrap around

** Packet buffer pointer wrap around


Mux: 00979c80 -> 00994260


Period 118:
  Descriptor base: 161660

Input: 00c27540 -> 00c41b20
** Packet buffer pointer wrap around


Mux: 00994260 -> 009ae840


Period 119:
  Descriptor base: 163030

Input: 00c41b20 -> 00c5c100
** Packet buffer pointer wrap around

** Packet buffer pointer wrap around


Mux: 009ae840 -> 009c8e20


Period 120:
  Descriptor base: 164400

Input: 00c5c100 -> 00c766e0
** Packet buffer pointer wrap around


Mux: 009c8e20 -> 009e3400


Period 121:
  Descriptor base: 165770

Input: 00c766e0 -> 00c90cc0
** Packet buffer pointer wrap around


Mux: 009e3400 -> 009fd9e0


Period 122:
  Descriptor base: 167140

Input: 00c90cc0 -> 00cab2a0
** Packet buffer pointer wrap around

** Packet buffer pointer wrap around


Mux: 009fd9e0 -> 00a17fc0


Period 123:
  Descriptor base: 168510

Input: 00cab2a0 -> 00cc5880
** Packet buffer pointer wrap around


Mux: 00a17fc0 -> 00a325a0


Period 124:
  Descriptor base: 169880

Input: 00cc5880 -> 00cdfe60
** Packet buffer pointer wrap around

** Packet buffer pointer wrap around


Mux: 00a325a0 -> 00a4cb80


Period 125:
  Descriptor base: 171250

Input: 00cdfe60 -> 00cfa440
** Packet buffer pointer wrap around


Mux: 00a4cb80 -> 00a67160


Period 126:
  Descriptor base: 172620

Input: 00cfa440 -> 00d14a20
** Packet buffer pointer wrap around

** Packet buffer pointer wrap around


Mux: 00a67160 -> 00a81740


Period 127:
  Descriptor base: 173990

Input: 00d14a20 -> 00d2f000
** Packet buffer pointer wrap around


Mux: 00a81740 -> 00a9bd20


Period 128:
  Descriptor base: 175360

Input: 00d2f000 -> 00d495e0
** Packet buffer pointer wrap around

** Packet buffer pointer wrap around


Mux: 00a9bd20 -> 00ab6300


Period 129:
  Descriptor base: 176730

Input: 00d495e0 -> 00d63bc0
** Packet buffer pointer wrap around


Mux: 00ab6300 -> 00ad08e0


Period 130:
  Descriptor base: 178100

Input: 00d63bc0 -> 00d7e1a0
** Packet buffer pointer wrap around


Mux: 00ad08e0 -> 00aeaec0


Period 131:
  Descriptor base: 179470

Input: 00d7e1a0 -> 00d98780
** Packet buffer pointer wrap around

** Packet buffer pointer wrap around


Mux: 00aeaec0 -> 00b054a0


Period 132:
  Descriptor base: 180840

Input: 00d98780 -> 00db2d60
** Packet buffer pointer wrap around


Mux: 00b054a0 -> 00b1fa80


Period 133:
  Descriptor base: 182210

Input: 00db2d60 -> 00dcd340
** Packet buffer pointer wrap around

** Packet buffer pointer wrap around


Mux: 00b1fa80 -> 00b3a060


Period 134:
  Descriptor base: 183580

Input: 00dcd340 -> 00de7920
** Packet buffer pointer wrap around


Mux: 00b3a060 -> 00b54640


Period 135:
  Descriptor base: 184950

Input: 00de7920 -> 00e01f00
** Packet buffer pointer wrap around

** Packet buffer pointer wrap around


Mux: 00b54640 -> 00b6ec20


Period 136:
  Descriptor base: 186320

Input: 00e01f00 -> 00e1c4e0
** Packet buffer pointer wrap around


Mux: 00b6ec20 -> 00b89200


Period 137:
  Descriptor base: 187690

Input: 00e1c4e0 -> 00e36ac0
** Packet buffer pointer wrap around

** Packet buffer pointer wrap around


Mux: 00b89200 -> 00ba37e0


Period 138:
  Descriptor base: 189060

Input: 00e36ac0 -> 00e510a0
** Packet buffer pointer wrap around


Mux: 00ba37e0 -> 00bbddc0


Period 139:
  Descriptor base: 190430

Input: 00e510a0 -> 00e6b680
** Packet buffer pointer wrap around


Mux: 00bbddc0 -> 00bd83a0


Period 140:
  Descriptor base: 191800

Input: 00e6b680 -> 00e85c60
** Packet buffer pointer wrap around

** Packet buffer pointer wrap around


Mux: 00bd83a0 -> 00bf2980


Period 141:
  Descriptor base: 193170

Input: 00e85c60 -> 00ea0240
** Packet buffer pointer wrap around


Mux: 00bf2980 -> 00c0cf60


Period 142:
  Descriptor base: 194540

Input: 00ea0240 -> 00eba820
** Packet buffer pointer wrap around

** Packet buffer pointer wrap around


Mux: 00c0cf60 -> 00c27540


Period 143:
  Descriptor base: 195910

Input: 00eba820 -> 00ed4e00
** Packet buffer pointer wrap around


Mux: 00c27540 -> 00c41b20


Period 144:
  Descriptor base: 197280

Input: 00ed4e00 -> 00eef3e0
** Packet buffer pointer wrap around

** Packet buffer pointer wrap around


Mux: 00c41b20 -> 00c5c100


Period 145:
  Descriptor base: 198650

Input: 00eef3e0 -> 00f099c0
** Packet buffer pointer wrap around


Mux: 00c5c100 -> 00c766e0


Period 146:
  Descriptor base: 200020

Input: 00f099c0 -> 00f23fa0
** Packet buffer pointer wrap around

** Packet buffer pointer wrap around


Mux: 00c766e0 -> 00c90cc0


Period 147:
  Descriptor base: 201390

Input: 00f23fa0 -> 00f3e580
** Packet buffer pointer wrap around


Mux: 00c90cc0 -> 00cab2a0


Period 148:
  Descriptor base: 202760

Input: 00f3e580 -> 00f58b60
** Packet buffer pointer wrap around

** Packet buffer pointer wrap around


Mux: 00cab2a0 -> 00cc5880


Period 149:
  Descriptor base: 204130

Input: 00f58b60 -> 00f73140
** Packet buffer pointer wrap around


Mux: 00cc5880 -> 00cdfe60


Period 150:
  Descriptor base: 205500

Input: 00f73140 -> 00f8d720
** Packet buffer pointer wrap around


Mux: 00cdfe60 -> 00cfa440


Period 151:
  Descriptor base: 206870

Input: 00f8d720 -> 00fa7d00
** Packet buffer pointer wrap around

** Packet buffer pointer wrap around


Mux: 00cfa440 -> 00d14a20


Period 152:
  Descriptor base: 208240

Input: 00fa7d00 -> 00fc22e0
** Packet buffer pointer wrap around


Mux: 00d14a20 -> 00d2f000


Period 153:
  Descriptor base: 209610

Input: 00fc22e0 -> 00fdc8c0
** Packet buffer pointer wrap around

** Packet buffer pointer wrap around


Mux: 00d2f000 -> 00d495e0


Period 154:
  Descriptor base: 210980

Input: 00fdc8c0 -> 00ff6ea0
** Packet buffer pointer wrap around


Mux: 00d495e0 -> 00d63bc0


Period 155:
  Descriptor base: 212350

Input: 00ff6ea0 -> 01011480
** Packet buffer pointer wrap around

** Packet buffer pointer wrap around


Mux: 00d63bc0 -> 00d7e1a0


Period 156:
  Descriptor base: 213720

Input: 01011480 -> 0102ba60
** Packet buffer pointer wrap around


Mux: 00d7e1a0 -> 00d98780


Period 157:
  Descriptor base: 215090

Input: 0102ba60 -> 01046040
** Packet buffer pointer wrap around

** Packet buffer pointer wrap around


Mux: 00d98780 -> 00db2d60


Period 158:
  Descriptor base: 216460

Input: 01046040 -> 01060620
** Packet buffer pointer wrap around


Mux: 00db2d60 -> 00dcd340


Period 159:
  Descriptor base: 217830

Input: 01060620 -> 0107ac00
** Packet buffer pointer wrap around


Mux: 00dcd340 -> 00de7920


Period 160:
  Descriptor base: 219200

Input: 0107ac00 -> 010951e0
** Packet buffer pointer wrap around

** Packet buffer pointer wrap around


Mux: 00de7920 -> 00e01f00


Period 161:
  Descriptor base: 220570

Input: 010951e0 -> 010af7c0
** Packet buffer pointer wrap around


Mux: 00e01f00 -> 00e1c4e0


Period 162:
  Descriptor base: 221940

Input: 010af7c0 -> 010c9da0
** Packet buffer pointer wrap around

** Packet buffer pointer wrap around


Mux: 00e1c4e0 -> 00e36ac0


Period 163:
  Descriptor base: 223310

Input: 010c9da0 -> 010e4380
** Packet buffer pointer wrap around


Mux: 00e36ac0 -> 00e510a0


Period 164:
  Descriptor base: 224680

Input: 010e4380 -> 010fe960
** Packet buffer pointer wrap around

** Packet buffer pointer wrap around


Mux: 00e510a0 -> 00e6b680


Period 165:
  Descriptor base: 226050

Input: 010fe960 -> 01118f40
** Packet buffer pointer wrap around


Mux: 00e6b680 -> 00e85c60


Period 166:
  Descriptor base: 227420

Input: 01118f40 -> 01133520
** Packet buffer pointer wrap around

** Packet buffer pointer wrap around


Mux: 00e85c60 -> 00ea0240


Period 167:
  Descriptor base: 228790

Input: 01133520 -> 0114db00
** Packet buffer pointer wrap around


Mux: 00ea0240 -> 00eba820


Period 168:
  Descriptor base: 230160

Input: 0114db00 -> 011680e0
** Packet buffer pointer wrap around


Mux: 00eba820 -> 00ed4e00


Period 169:
  Descriptor base: 231530

Input: 011680e0 -> 011826c0
** Packet buffer pointer wrap around

** Packet buffer pointer wrap around


Mux: 00ed4e00 -> 00eef3e0


Period 170:
  Descriptor base: 232900

Input: 011826c0 -> 0119cca0
** Packet buffer pointer wrap around


Mux: 00eef3e0 -> 00f099c0


Period 171:
  Descriptor base: 234270

Input: 0119cca0 -> 011b7280
** Packet buffer pointer wrap around

** Packet buffer pointer wrap around


Mux: 00f099c0 -> 00f23fa0


Period 172:
  Descriptor base: 235640

Input: 011b7280 -> 011d1860
** Packet buffer pointer wrap around


Mux: 00f23fa0 -> 00f3e580


Period 173:
  Descriptor base: 237010

Input: 011d1860 -> 011ebe40
** Packet buffer pointer wrap around

** Packet buffer pointer wrap around


Mux: 00f3e580 -> 00f58b60


Period 174:
  Descriptor base: 238380

Input: 011ebe40 -> 01206420
** Packet buffer pointer wrap around


Mux: 00f58b60 -> 00f73140


Period 175:
  Descriptor base: 239750

Input: 01206420 -> 01220a00
** Packet buffer pointer wrap around

** Packet buffer pointer wrap around


Mux: 00f73140 -> 00f8d720


Period 176:
  Descriptor base: 241120

Input: 01220a00 -> 0123afe0
** Packet buffer pointer wrap around


Mux: 00f8d720 -> 00fa7d00


Period 177:
  Descriptor base: 242490

Input: 0123afe0 -> 012555c0
** Packet buffer pointer wrap around

** Packet buffer pointer wrap around


Mux: 00fa7d00 -> 00fc22e0


Period 178:
  Descriptor base: 243860

Input: 012555c0 -> 0126fba0
** Packet buffer pointer wrap around


Mux: 00fc22e0 -> 00fdc8c0


Period 179:
  Descriptor base: 245230

Input: 0126fba0 -> 0128a180
** Packet buffer pointer wrap around


Mux: 00fdc8c0 -> 00ff6ea0


Period 180:
  Descriptor base: 246600

Input: 0128a180 -> 012a4760
** Packet buffer pointer wrap around

** Packet buffer pointer wrap around


Mux: 00ff6ea0 -> 01011480


Period 181:
  Descriptor base: 247970

Input: 012a4760 -> 012bed40
** Packet buffer pointer wrap around


Mux: 01011480 -> 0102ba60


Period 182:
  Descriptor base: 249340

Input: 012bed40 -> 012d9320
** Packet buffer pointer wrap around

** Packet buffer pointer wrap around


Mux: 0102ba60 -> 01046040


Period 183:
  Descriptor base: 250710

Input: 012d9320 -> 012f3900
** Packet buffer pointer wrap around


Mux: 01046040 -> 01060620


Period 184:
  Descriptor base: 252080

Input: 012f3900 -> 0130dee0
** Packet buffer pointer wrap around

** Packet buffer pointer wrap around


Mux: 01060620 -> 0107ac00


Period 185:
  Descriptor base: 253450

Input: 0130dee0 -> 013284c0
** Packet buffer pointer wrap around


Mux: 0107ac00 -> 010951e0


Period 186:
  Descriptor base: 254820

Input: 013284c0 -> 01342aa0
** Packet buffer pointer wrap around

** Packet buffer pointer wrap around


Mux: 010951e0 -> 010af7c0


Period 187:
  Descriptor base: 256190

Input: 01342aa0 -> 0135d080
** Packet buffer pointer wrap around


Mux: 010af7c0 -> 010c9da0


Period 188:
  Descriptor base: 257560

Input: 0135d080 -> 01377660
** Packet buffer pointer wrap around


Mux: 010c9da0 -> 010e4380


Period 189:
  Descriptor base: 258930

Input: 01377660 -> 01391c40
** Packet buffer pointer wrap around

** Packet buffer pointer wrap around


Mux: 010e4380 -> 010fe960


Period 190:
  Descriptor base: 260300

Input: 01391c40 -> 013ac220
** Packet buffer pointer wrap around


Mux: 010fe960 -> 01118f40


Period 191:
  Descriptor base: 261670

Input: 013ac220 -> 013c6800
** Packet buffer pointer wrap around

** Packet buffer pointer wrap around


Mux: 01118f40 -> 01133520


Period 192:
  Descriptor base: 263040

Input: 013c6800 -> 013e0de0
** Packet buffer pointer wrap around


Mux: 01133520 -> 0114db00


Period 193:
  Descriptor base: 264410

Input: 013e0de0 -> 013fb3c0
** Packet buffer pointer wrap around

** Packet buffer pointer wrap around


Mux: 0114db00 -> 011680e0


Period 194:
  Descriptor base: 265780

Input: 013fb3c0 -> 014159a0
** Packet buffer pointer wrap around


Mux: 011680e0 -> 011826c0


Period 195:
  Descriptor base: 267150

Input: 014159a0 -> 0142ff80
** Packet buffer pointer wrap around

** Packet buffer pointer wrap around


Mux: 011826c0 -> 0119cca0


Period 196:
  Descriptor base: 268520

Input: 0142ff80 -> 0144a560
** Packet buffer pointer wrap around


Mux: 0119cca0 -> 011b7280


Period 197:
  Descriptor base: 269890

Input: 0144a560 -> 01464b40
** Packet buffer pointer wrap around


Mux: 011b7280 -> 011d1860


Period 198:
  Descriptor base: 271260

Input: 01464b40 -> 0147f120
** Packet buffer pointer wrap around

** Packet buffer pointer wrap around


Mux: 011d1860 -> 011ebe40


Period 199:
  Descriptor base: 272630

Input: 0147f120 -> 01499700
** Packet buffer pointer wrap around


Mux: 011ebe40 -> 01206420


Period 200:
  Descriptor base: 274000

Input: 01499700 -> 014b3ce0
** Packet buffer pointer wrap around

** Packet buffer pointer wrap around


Mux: 01206420 -> 01220a00


Period 201:
  Descriptor base: 275370

Input: 014b3ce0 -> 014ce2c0
** Packet buffer pointer wrap around


Mux: 01220a00 -> 0123afe0


Period 202:
  Descriptor base: 276740

Input: 014ce2c0 -> 014e88a0
** Packet buffer pointer wrap around

** Packet buffer pointer wrap around


Mux: 0123afe0 -> 012555c0


Period 203:
  Descriptor base: 278110

Input: 014e88a0 -> 01502e80
** Packet buffer pointer wrap around


Mux: 012555c0 -> 0126fba0


Period 204:
  Descriptor base: 279480

Input: 01502e80 -> 0151d460
** Packet buffer pointer wrap around

** Packet buffer pointer wrap around


Mux: 0126fba0 -> 0128a180


Period 205:
  Descriptor base: 280850

Input: 0151d460 -> 01537a40
** Packet buffer pointer wrap around


Mux: 0128a180 -> 012a4760


Period 206:
  Descriptor base: 282220

Input: 01537a40 -> 01552020
** Packet buffer pointer wrap around

** Packet buffer pointer wrap around


Mux: 012a4760 -> 012bed40


Period 207:
  Descriptor base: 283590

Input: 01552020 -> 0156c600
** Packet buffer pointer wrap around


Mux: 012bed40 -> 012d9320


Period 208:
  Descriptor base: 284960

Input: 0156c600 -> 01586be0
** Packet buffer pointer wrap around


Mux: 012d9320 -> 012f3900


Period 209:
  Descriptor base: 286330

Input: 01586be0 -> 015a11c0
** Packet buffer pointer wrap around

** Packet buffer pointer wrap around


Mux: 012f3900 -> 0130dee0


Period 210:
  Descriptor base: 287700

Input: 015a11c0 -> 015bb7a0
** Packet buffer pointer wrap around


Mux: 0130dee0 -> 013284c0


Period 211:
  Descriptor base: 289070

Input: 015bb7a0 -> 015d5d80
** Packet buffer pointer wrap around

** Packet buffer pointer wrap around


Mux: 013284c0 -> 01342aa0


Period 212:
  Descriptor base: 290440

Input: 015d5d80 -> 015f0360
** Packet buffer pointer wrap around


Mux: 01342aa0 -> 0135d080


Period 213:
  Descriptor base: 291810

Input: 015f0360 -> 0160a940
** Packet buffer pointer wrap around

** Packet buffer pointer wrap around


Mux: 0135d080 -> 01377660


Period 214:
  Descriptor base: 293180

Input: 0160a940 -> 01624f20
** Packet buffer pointer wrap around


Mux: 01377660 -> 01391c40


Period 215:
  Descriptor base: 294550

Input: 01624f20 -> 0163f500
** Packet buffer pointer wrap around

** Packet buffer pointer wrap around


Mux: 01391c40 -> 013ac220


Period 216:
  Descriptor base: 295920

Input: 0163f500 -> 01659ae0
** Packet buffer pointer wrap around


Mux: 013ac220 -> 013c6800


Period 217:
  Descriptor base: 297290

Input: 01659ae0 -> 016740c0
** Packet buffer pointer wrap around


Mux: 013c6800 -> 013e0de0


Period 218:
  Descriptor base: 298660

Input: 016740c0 -> 0168e6a0
** Packet buffer pointer wrap around

** Packet buffer pointer wrap around


Mux: 013e0de0 -> 013fb3c0


Period 219:
  Descriptor base: 300030

Input: 0168e6a0 -> 016a8c80
** Packet buffer pointer wrap around


Mux: 013fb3c0 -> 014159a0


Period 220:
  Descriptor base: 301400

Input: 016a8c80 -> 016c3260
** Packet buffer pointer wrap around

** Packet buffer pointer wrap around


Mux: 014159a0 -> 0142ff80


Period 221:
  Descriptor base: 302770

Input: 016c3260 -> 016dd840
** Packet buffer pointer wrap around


Mux: 0142ff80 -> 0144a560


Period 222:
  Descriptor base: 304140

Input: 016dd840 -> 016f7e20
** Packet buffer pointer wrap around

** Packet buffer pointer wrap around


Mux: 0144a560 -> 01464b40


Period 223:
  Descriptor base: 305510

Input: 016f7e20 -> 01712400
** Packet buffer pointer wrap around


Mux: 01464b40 -> 0147f120


Period 224:
  Descriptor base: 306880

Input: 01712400 -> 0172c9e0
** Packet buffer pointer wrap around

** Packet buffer pointer wrap around


Mux: 0147f120 -> 01499700


Period 225:
  Descriptor base: 308250

Input: 0172c9e0 -> 01746fc0
** Packet buffer pointer wrap around


Mux: 01499700 -> 014b3ce0


Period 226:
  Descriptor base: 309620

Input: 01746fc0 -> 017615a0
** Packet buffer pointer wrap around


Mux: 014b3ce0 -> 014ce2c0


Period 227:
  Descriptor base: 310990

Input: 017615a0 -> 0177bb80
** Packet buffer pointer wrap around

** Packet buffer pointer wrap around


Mux: 014ce2c0 -> 014e88a0


Period 228:
  Descriptor base: 312360

Input: 0177bb80 -> 01796160
** Packet buffer pointer wrap around


Mux: 014e88a0 -> 01502e80


Period 229:
  Descriptor base: 313730

Input: 01796160 -> 017b0740
** Packet buffer pointer wrap around

** Packet buffer pointer wrap around


Mux: 01502e80 -> 0151d460


Period 230:
  Descriptor base: 315100

Input: 017b0740 -> 017cad20
** Packet buffer pointer wrap around


Mux: 0151d460 -> 01537a40


Period 231:
  Descriptor base: 316470

Input: 017cad20 -> 017e5300
** Packet buffer pointer wrap around

** Packet buffer pointer wrap around


Mux: 01537a40 -> 01552020


Period 232:
  Descriptor base: 317840

Input: 017e5300 -> 017ff8e0
** Packet buffer pointer wrap around


Mux: 01552020 -> 0156c600


Period 233:
  Descriptor base: 319210

Input: 017ff8e0 -> 01819ec0
** Packet buffer pointer wrap around

** Packet buffer pointer wrap around


Mux: 0156c600 -> 01586be0


Period 234:
  Descriptor base: 320580

Input: 01819ec0 -> 018344a0
** Packet buffer pointer wrap around


Mux: 01586be0 -> 015a11c0


Period 235:
  Descriptor base: 321950

Input: 018344a0 -> 0184ea80
** Packet buffer pointer wrap around

** Packet buffer pointer wrap around


Mux: 015a11c0 -> 015bb7a0


Period 236:
  Descriptor base: 323320

Input: 0184ea80 -> 01869060
** Packet buffer pointer wrap around


Mux: 015bb7a0 -> 015d5d80


Period 237:
  Descriptor base: 324690

Input: 01869060 -> 01883640
** Packet buffer pointer wrap around


Mux: 015d5d80 -> 015f0360


Period 238:
  Descriptor base: 326060

Input: 01883640 -> 0189dc20
** Packet buffer pointer wrap around

** Packet buffer pointer wrap around


Mux: 015f0360 -> 0160a940


Period 239:
  Descriptor base: 327430

Input: 0189dc20 -> 018b8200
** Packet buffer pointer wrap around


Mux: 0160a940 -> 01624f20


Period 240:
  Descriptor base: 328800

Input: 018b8200 -> 018d27e0
** Packet buffer pointer wrap around

** Packet buffer pointer wrap around


Mux: 01624f20 -> 0163f500


Period 241:
  Descriptor base: 330170

Input: 018d27e0 -> 018ecdc0
** Packet buffer pointer wrap around


Mux: 0163f500 -> 01659ae0


Period 242:
  Descriptor base: 331540

Input: 018ecdc0 -> 019073a0
** Packet buffer pointer wrap around

** Packet buffer pointer wrap around


Mux: 01659ae0 -> 016740c0


Period 243:
  Descriptor base: 332910

Input: 019073a0 -> 01921980
** Packet buffer pointer wrap around


Mux: 016740c0 -> 0168e6a0


Period 244:
  Descriptor base: 334280

Input: 01921980 -> 0193bf60
** Packet buffer pointer wrap around

** Packet buffer pointer wrap around


Mux: 0168e6a0 -> 016a8c80


Period 245:
  Descriptor base: 335650

Input: 0193bf60 -> 01956540
** Packet buffer pointer wrap around


Mux: 016a8c80 -> 016c3260


Period 246:
  Descriptor base: 337020

Input: 01956540 -> 01970b20
** Packet buffer pointer wrap around


Mux: 016c3260 -> 016dd840


Period 247:
  Descriptor base: 338390

Input: 01970b20 -> 0198b100
** Packet buffer pointer wrap around

** Packet buffer pointer wrap around


Mux: 016dd840 -> 016f7e20


Period 248:
  Descriptor base: 339760

Input: 0198b100 -> 019a56e0
** Packet buffer pointer wrap around


Mux: 016f7e20 -> 01712400


Period 249:
  Descriptor base: 341130

Input: 019a56e0 -> 019bfcc0
** Packet buffer pointer wrap around

** Packet buffer pointer wrap around


Mux: 01712400 -> 0172c9e0


Period 250:
  Descriptor base: 342500

Input: 019bfcc0 -> 019da2a0
** Packet buffer pointer wrap around


Mux: 0172c9e0 -> 01746fc0


Period 251:
  Descriptor base: 343870

Input: 019da2a0 -> 019f4880
** Packet buffer pointer wrap around

** Packet buffer pointer wrap around


Mux: 01746fc0 -> 017615a0


Period 252:
  Descriptor base: 345240

Input: 019f4880 -> 01a0ee60
** Packet buffer pointer wrap around


Mux: 017615a0 -> 0177bb80


Period 253:
  Descriptor base: 346610

Input: 01a0ee60 -> 01a29440
** Packet buffer pointer wrap around

** Packet buffer pointer wrap around


Mux: 0177bb80 -> 01796160


Period 254:
  Descriptor base: 347980

Input: 01a29440 -> 01a43a20
** Packet buffer pointer wrap around


Mux: 01796160 -> 017b0740


Period 255:
  Descriptor base: 349350

Input: 01a43a20 -> 01a5e000
** Packet buffer pointer wrap around


Mux: 017b0740 -> 017cad20


Period 256:
  Descriptor base: 350720

Input: 01a5e000 -> 01a785e0
** Packet buffer pointer wrap around

** Packet buffer pointer wrap around


Mux: 017cad20 -> 017e5300


Period 257:
  Descriptor base: 352090

Input: 01a785e0 -> 01a92bc0
** Packet buffer pointer wrap around


Mux: 017e5300 -> 017ff8e0


Period 258:
  Descriptor base: 353460

Input: 01a92bc0 -> 01aad1a0
** Packet buffer pointer wrap around

** Packet buffer pointer wrap around


Mux: 017ff8e0 -> 01819ec0


Period 259:
  Descriptor base: 354830

Input: 01aad1a0 -> 01ac7780
** Packet buffer pointer wrap around


Mux: 01819ec0 -> 018344a0


Period 260:
  Descriptor base: 356200

Input: 01ac7780 -> 01ae1d60
** Packet buffer pointer wrap around

** Packet buffer pointer wrap around


Mux: 018344a0 -> 0184ea80


Period 261:
  Descriptor base: 357570

Input: 01ae1d60 -> 01afc340
** Packet buffer pointer wrap around


Mux: 0184ea80 -> 01869060


Period 262:
  Descriptor base: 358940

Input: 01afc340 -> 01b16920
** Packet buffer pointer wrap around

** Packet buffer pointer wrap around


Mux: 01869060 -> 01883640


Period 263:
  Descriptor base: 360310

Input: 01b16920 -> 01b30f00
** Packet buffer pointer wrap around


Mux: 01883640 -> 0189dc20


Period 264:
  Descriptor base: 361680

Input: 01b30f00 -> 01b4b4e0
** Packet buffer pointer wrap around

** Packet buffer pointer wrap around


Mux: 0189dc20 -> 018b8200


Period 265:
  Descriptor base: 363050

Input: 01b4b4e0 -> 01b65ac0
** Packet buffer pointer wrap around


Mux: 018b8200 -> 018d27e0


Period 266:
  Descriptor base: 364420

Input: 01b65ac0 -> 01b800a0
** Packet buffer pointer wrap around


Mux: 018d27e0 -> 018ecdc0


Period 267:
  Descriptor base: 365790

Input: 01b800a0 -> 01b9a680
** Packet buffer pointer wrap around

** Packet buffer pointer wrap around


Mux: 018ecdc0 -> 019073a0


Period 268:
  Descriptor base: 367160

Input: 01b9a680 -> 01bb4c60
** Packet buffer pointer wrap around


Mux: 019073a0 -> 01921980


Period 269:
  Descriptor base: 368530

Input: 01bb4c60 -> 01bcf240
** Packet buffer pointer wrap around

** Packet buffer pointer wrap around


Mux: 01921980 -> 0193bf60


Period 270:
  Descriptor base: 369900

Input: 01bcf240 -> 01be9820
** Packet buffer pointer wrap around


Mux: 0193bf60 -> 01956540


Period 271:
  Descriptor base: 371270

Input: 01be9820 -> 01c03e00
** Packet buffer pointer wrap around

** Packet buffer pointer wrap around


Mux: 01956540 -> 01970b20


Period 272:
  Descriptor base: 372640

Input: 01c03e00 -> 01c1e3e0
** Packet buffer pointer wrap around


Mux: 01970b20 -> 0198b100


Period 273:
  Descriptor base: 374010

Input: 01c1e3e0 -> 01c389c0
** Packet buffer pointer wrap around

** Packet buffer pointer wrap around


Mux: 0198b100 -> 019a56e0


Period 274:
  Descriptor base: 375380

Input: 01c389c0 -> 01c52fa0
** Packet buffer pointer wrap around


Mux: 019a56e0 -> 019bfcc0


Period 275:
  Descriptor base: 376750

Input: 01c52fa0 -> 01c6d580
** Packet buffer pointer wrap around


Mux: 019bfcc0 -> 019da2a0


Period 276:
  Descriptor base: 378120

Input: 01c6d580 -> 01c87b60
** Packet buffer pointer wrap around

** Packet buffer pointer wrap around


Mux: 019da2a0 -> 019f4880


Period 277:
  Descriptor base: 379490

Input: 01c87b60 -> 01ca2140
** Packet buffer pointer wrap around


Mux: 019f4880 -> 01a0ee60


Period 278:
  Descriptor base: 380860

Input: 01ca2140 -> 01cbc720
** Packet buffer pointer wrap around

** Packet buffer pointer wrap around


Mux: 01a0ee60 -> 01a29440


Period 279:
  Descriptor base: 382230

Input: 01cbc720 -> 01cd6d00
** Packet buffer pointer wrap around


Mux: 01a29440 -> 01a43a20


Period 280:
  Descriptor base: 383600

Input: 01cd6d00 -> 01cf12e0
** Packet buffer pointer wrap around

** Packet buffer pointer wrap around


Mux: 01a43a20 -> 01a5e000


Period 281:
  Descriptor base: 384970

Input: 01cf12e0 -> 01d0b8c0
** Packet buffer pointer wrap around


Mux: 01a5e000 -> 01a785e0


Period 282:
  Descriptor base: 386340

Input: 01d0b8c0 -> 01d25ea0
** Packet buffer pointer wrap around

** Packet buffer pointer wrap around


Mux: 01a785e0 -> 01a92bc0


Period 283:
  Descriptor base: 387710

Input: 01d25ea0 -> 01d40480
** Packet buffer pointer wrap around


Mux: 01a92bc0 -> 01aad1a0


Period 284:
  Descriptor base: 389080

Input: 01d40480 -> 01d5aa60
** Packet buffer pointer wrap around


Mux: 01aad1a0 -> 01ac7780


Period 285:
  Descriptor base: 390450

Input: 01d5aa60 -> 01d75040
** Packet buffer pointer wrap around

** Packet buffer pointer wrap around


Mux: 01ac7780 -> 01ae1d60


Period 286:
  Descriptor base: 391820

Input: 01d75040 -> 01d8f620
** Packet buffer pointer wrap around


Mux: 01ae1d60 -> 01afc340


Period 287:
  Descriptor base: 393190

Input: 01d8f620 -> 01da9c00
** Packet buffer pointer wrap around

** Packet buffer pointer wrap around


Mux: 01afc340 -> 01b16920


Period 288:
  Descriptor base: 394560

Input: 01da9c00 -> 01dc41e0
** Packet buffer pointer wrap around


Mux: 01b16920 -> 01b30f00


Period 289:
  Descriptor base: 395930

Input: 01dc41e0 -> 01dde7c0
** Packet buffer pointer wrap around

** Packet buffer pointer wrap around


Mux: 01b30f00 -> 01b4b4e0


Period 290:
  Descriptor base: 397300

Input: 01dde7c0 -> 01df8da0
** Packet buffer pointer wrap around


Mux: 01b4b4e0 -> 01b65ac0


Period 291:
  Descriptor base: 398670

Input: 01df8da0 -> 01e13380
** Packet buffer pointer wrap around

** Packet buffer pointer wrap around


Mux: 01b65ac0 -> 01b800a0


Period 292:
  Descriptor base: 400040

Input: 01e13380 -> 01e2d960
** Packet buffer pointer wrap around


Mux: 01b800a0 -> 01b9a680


Period 293:
  Descriptor base: 401410

Input: 01e2d960 -> 01e47f40
** Packet buffer pointer wrap around

** Packet buffer pointer wrap around


Mux: 01b9a680 -> 01bb4c60


Period 294:
  Descriptor base: 402