* Bitstream file (string) * /ws/ytse-sjc/Content/TOMORROW003.mpg
* Number of TPs to process (-1 for all) (int) * 1000



TP 1: sync 47, tei 0, pusi 1, pri 0, pid 0, scr 0, afc 1, cc 1

TP 2: sync 47, tei 0, pusi 1, pri 0, pid 500, scr 0, afc 1, cc 1

TP 3: sync 47, tei 0, pusi 1, pri 0, pid 481, scr 0, afc 3, cc 0
  AF: sz 7, DISC, PCR 000000046:22

TP 4: sync 47, tei 0, pusi 1, pri 0, pid 483, scr 0, afc 1, cc 0

TP 5: sync 47, tei 0, pusi 1, pri 0, pid 482, scr 0, afc 1, cc 0

TP 6: sync 47, tei 0, pusi 0, pri 0, pid 481, scr 0, afc 1, cc 1

TP 7: sync 47, tei 0, pusi 0, pri 0, pid 481, scr 0, afc 1, cc 2

TP 8: sync 47, tei 0, pusi 0, pri 0, pid 481, scr 0, afc 1, cc 3

TP 9: sync 47, tei 0, pusi 0, pri 0, pid 481, scr 0, afc 1, cc 4

TP 10: sync 47, tei 0, pusi 0, pri 0, pid 481, scr 0, afc 1, cc 5

TP 11: sync 47, tei 0, pusi 0, pri 0, pid 481, scr 0, afc 1, cc 6

TP 12: sync 47, tei 0, pusi 0, pri 0, pid 481, scr 0, afc 1, cc 7

TP 13: sync 47, tei 0, pusi 0, pri 0, pid 481, scr 0, afc 1, cc 8

TP 14: sync 47, tei 0, pusi 0, pri 0, pid 481, scr 0, afc 1, cc 9

TP 15: sync 47, tei 0, pusi 0, pri 0, pid 481, scr 0, afc 1, cc 10

TP 16: sync 47, tei 0, pusi 0, pri 0, pid 481, scr 0, afc 1, cc 11

TP 17: sync 47, tei 0, pusi 0, pri 0, pid 481, scr 0, afc 1, cc 12

TP 18: sync 47, tei 0, pusi 0, pri 0, pid 482, scr 0, afc 1, cc 1

TP 19: sync 47, tei 0, pusi 0, pri 0, pid 481, scr 0, afc 1, cc 13

TP 20: sync 47, tei 0, pusi 0, pri 0, pid 481, scr 0, afc 1, cc 14

TP 21: sync 47, tei 0, pusi 0, pri 0, pid 483, scr 0, afc 1, cc 1

TP 22: sync 47, tei 0, pusi 0, pri 0, pid 481, scr 0, afc 1, cc 15

TP 23: sync 47, tei 0, pusi 0, pri 0, pid 481, scr 0, afc 1, cc 0

TP 24: sync 47, tei 0, pusi 0, pri 0, pid 481, scr 0, afc 1, cc 1

TP 25: sync 47, tei 0, pusi 0, pri 0, pid 481, scr 0, afc 1, cc 2

TP 26: sync 47, tei 0, pusi 0, pri 0, pid 481, scr 0, afc 1, cc 3

TP 27: sync 47, tei 0, pusi 0, pri 0, pid 481, scr 0, afc 1, cc 4

TP 28: sync 47, tei 0, pusi 0, pri 0, pid 481, scr 0, afc 1, cc 5

TP 29: sync 47, tei 0, pusi 0, pri 0, pid 481, scr 0, afc 1, cc 6

TP 30: sync 47, tei 0, pusi 0, pri 0, pid 481, scr 0, afc 1, cc 7

TP 31: sync 47, tei 0, pusi 0, pri 0, pid 482, scr 0, afc 1, cc 2

TP 32: sync 47, tei 0, pusi 0, pri 0, pid 481, scr 0, afc 1, cc 8

TP 33: sync 47, tei 0, pusi 0, pri 0, pid 481, scr 0, afc 1, cc 9

TP 34: sync 47, tei 0, pusi 0, pri 0, pid 481, scr 0, afc 1, cc 10

TP 35: sync 47, tei 0, pusi 0, pri 0, pid 481, scr 0, afc 1, cc 11

TP 36: sync 47, tei 0, pusi 0, pri 0, pid 481, scr 0, afc 1, cc 12

TP 37: sync 47, tei 0, pusi 0, pri 0, pid 481, scr 0, afc 1, cc 13

TP 38: sync 47, tei 0, pusi 0, pri 0, pid 481, scr 0, afc 1, cc 14

TP 39: sync 47, tei 0, pusi 0, pri 0, pid 483, scr 0, afc 1, cc 2

TP 40: sync 47, tei 0, pusi 0, pri 0, pid 481, scr 0, afc 1, cc 15

TP 41: sync 47, tei 0, pusi 0, pri 0, pid 481, scr 0, afc 1, cc 0

TP 42: sync 47, tei 0, pusi 0, pri 0, pid 481, scr 0, afc 1, cc 1

TP 43: sync 47, tei 0, pusi 0, pri 0, pid 481, scr 0, afc 1, cc 2

TP 44: sync 47, tei 0, pusi 0, pri 0, pid 481, scr 0, afc 1, cc 3

TP 45: sync 47, tei 0, pusi 0, pri 0, pid 482, scr 0, afc 1, cc 3

TP 46: sync 47, tei 0, pusi 0, pri 0, pid 481, scr 0, afc 1, cc 4

TP 47: sync 47, tei 0, pusi 0, pri 0, pid 481, scr 0, afc 1, cc 5

TP 48: sync 47, tei 0, pusi 0, pri 0, pid 481, scr 0, afc 1, cc 6

TP 49: sync 47, tei 0, pusi 0, pri 0, pid 481, scr 0, afc 1, cc 7

TP 50: sync 47, tei 0, pusi 0, pri 0, pid 481, scr 0, afc 1, cc 8

TP 51: sync 47, tei 0, pusi 0, pri 0, pid 481, scr 0, afc 1, cc 9

TP 52: sync 47, tei 0, pusi 0, pri 0, pid 481, scr 0, afc 1, cc 10

TP 53: sync 47, tei 0, pusi 0, pri 0, pid 481, scr 0, afc 1, cc 11

TP 54: sync 47, tei 0, pusi 0, pri 0, pid 481, scr 0, afc 3, cc 12
  AF: sz 59

TP 55: sync 47, tei 0, pusi 1, pri 0, pid 481, scr 0, afc 3, cc 13
  AF: sz 7, PCR 000000764:20

TP 56: sync 47, tei 0, pusi 0, pri 0, pid 481, scr 0, afc 1, cc 14

TP 57: sync 47, tei 0, pusi 0, pri 0, pid 483, scr 0, afc 1, cc 3

TP 58: sync 47, tei 0, pusi 0, pri 0, pid 481, scr 0, afc 1, cc 15

TP 59: sync 47, tei 0, pusi 0, pri 0, pid 482, scr 0, afc 1, cc 4

TP 60: sync 47, tei 0, pusi 0, pri 0, pid 481, scr 0, afc 1, cc 0

TP 61: sync 47, tei 0, pusi 0, pri 0, pid 481, scr 0, afc 1, cc 1

TP 62: sync 47, tei 0, pusi 0, pri 0, pid 481, scr 0, afc 1, cc 2

TP 63: sync 47, tei 0, pusi 0, pri 0, pid 481, scr 0, afc 1, cc 3

TP 64: sync 47, tei 0, pusi 0, pri 0, pid 481, scr 0, afc 1, cc 4

TP 65: sync 47, tei 0, pusi 0, pri 0, pid 481, scr 0, afc 1, cc 5

TP 66: sync 47, tei 0, pusi 0, pri 0, pid 481, scr 0, afc 1, cc 6

TP 67: sync 47, tei 0, pusi 0, pri 0, pid 481, scr 0, afc 1, cc 7

TP 68: sync 47, tei 0, pusi 0, pri 0, pid 481, scr 0, afc 1, cc 8

TP 69: sync 47, tei 0, pusi 0, pri 0, pid 481, scr 0, afc 1, cc 9

TP 70: sync 47, tei 0, pusi 0, pri 0, pid 481, scr 0, afc 1, cc 10

TP 71: sync 47, tei 0, pusi 0, pri 0, pid 482, scr 0, afc 1, cc 5

TP 72: sync 47, tei 0, pusi 0, pri 0, pid 481, scr 0, afc 1, cc 11

TP 73: sync 47, tei 0, pusi 0, pri 0, pid 481, scr 0, afc 1, cc 12

TP 74: sync 47, tei 0, pusi 0, pri 0, pid 481, scr 0, afc 1, cc 13

TP 75: sync 47, tei 0, pusi 0, pri 0, pid 483, scr 0, afc 1, cc 4

TP 76: sync 47, tei 0, pusi 0, pri 0, pid 481, scr 0, afc 1, cc 14

TP 77: sync 47, tei 0, pusi 0, pri 0, pid 481, scr 0, afc 1, cc 15

TP 78: sync 47, tei 0, pusi 0, pri 0, pid 481, scr 0, afc 1, cc 0

TP 79: sync 47, tei 0, pusi 0, pri 0, pid 481, scr 0, afc 1, cc 1

TP 80: sync 47, tei 0, pusi 0, pri 0, pid 481, scr 0, afc 1, cc 2

TP 81: sync 47, tei 0, pusi 0, pri 0, pid 481, scr 0, afc 1, cc 3

TP 82: sync 47, tei 0, pusi 0, pri 0, pid 481, scr 0, afc 1, cc 4

TP 83: sync 47, tei 0, pusi 0, pri 0, pid 481, scr 0, afc 1, cc 5

TP 84: sync 47, tei 0, pusi 0, pri 0, pid 482, scr 0, afc 1, cc 6

TP 85: sync 47, tei 0, pusi 0, pri 0, pid 481, scr 0, afc 1, cc 6

TP 86: sync 47, tei 0, pusi 0, pri 0, pid 481, scr 0, afc 1, cc 7

TP 87: sync 47, tei 0, pusi 0, pri 0, pid 481, scr 0, afc 1, cc 8

TP 88: sync 47, tei 0, pusi 0, pri 0, pid 481, scr 0, afc 1, cc 9

TP 89: sync 47, tei 0, pusi 0, pri 0, pid 481, scr 0, afc 1, cc 10

TP 90: sync 47, tei 0, pusi 0, pri 0, pid 481, scr 0, afc 1, cc 11

TP 91: sync 47, tei 0, pusi 0, pri 0, pid 481, scr 0, afc 1, cc 12

TP 92: sync 47, tei 0, pusi 0, pri 0, pid 481, scr 0, afc 1, cc 13

TP 93: sync 47, tei 0, pusi 0, pri 0, pid 483, scr 0, afc 1, cc 5

TP 94: sync 47, tei 0, pusi 0, pri 0, pid 481, scr 0, afc 1, cc 14

TP 95: sync 47, tei 0, pusi 0, pri 0, pid 481, scr 0, afc 1, cc 15

TP 96: sync 47, tei 0, pusi 0, pri 0, pid 481, scr 0, afc 1, cc 0

TP 97: sync 47, tei 0, pusi 0, pri 0, pid 481, scr 0, afc 1, cc 1

TP 98: sync 47, tei 0, pusi 0, pri 0, pid 482, scr 0, afc 1, cc 7

TP 99: sync 47, tei 0, pusi 0, pri 0, pid 481, scr 0, afc 1, cc 2

TP 100: sync 47, tei 0, pusi 0, pri 0, pid 481, scr 0, afc 1, cc 3

TP 101: sync 47, tei 0, pusi 0, pri 0, pid 481, scr 0, afc 1, cc 4

TP 102: sync 47, tei 0, pusi 0, pri 0, pid 481, scr 0, afc 1, cc 5

TP 103: sync 47, tei 0, pusi 0, pri 0, pid 481, scr 0, afc 1, cc 6

TP 104: sync 47, tei 0, pusi 0, pri 0, pid 481, scr 0, afc 1, cc 7

TP 105: sync 47, tei 0, pusi 0, pri 0, pid 481, scr 0, afc 1, cc 8

TP 106: sync 47, tei 0, pusi 0, pri 0, pid 481, scr 0, afc 3, cc 9
  AF: sz 59

TP 107: sync 47, tei 0, pusi 1, pri 0, pid 481, scr 0, afc 3, cc 10
  AF: sz 7, PCR 000000e82:18

TP 108: sync 47, tei 0, pusi 0, pri 0, pid 481, scr 0, afc 1, cc 11

TP 109: sync 47, tei 0, pusi 0, pri 0, pid 481, scr 0, afc 1, cc 12

TP 110: sync 47, tei 0, pusi 0, pri 0, pid 481, scr 0, afc 1, cc 13

TP 111: sync 47, tei 0, pusi 0, pri 0, pid 483, scr 0, afc 1, cc 6

TP 112: sync 47, tei 0, pusi 0, pri 0, pid 482, scr 0, afc 1, cc 8

TP 113: sync 47, tei 0, pusi 0, pri 0, pid 481, scr 0, afc 1, cc 14

TP 114: sync 47, tei 0, pusi 0, pri 0, pid 481, scr 0, afc 1, cc 15

TP 115: sync 47, tei 0, pusi 0, pri 0, pid 481, scr 0, afc 1, cc 0

TP 116: sync 47, tei 0, pusi 0, pri 0, pid 481, scr 0, afc 1, cc 1

TP 117: sync 47, tei 0, pusi 0, pri 0, pid 481, scr 0, afc 1, cc 2

TP 118: sync 47, tei 0, pusi 0, pri 0, pid 481, scr 0, afc 1, cc 3

TP 119: sync 47, tei 0, pusi 0, pri 0, pid 481, scr 0, afc 1, cc 4

TP 120: sync 47, tei 0, pusi 0, pri 0, pid 481, scr 0, afc 1, cc 5

TP 121: sync 47, tei 0, pusi 0, pri 0, pid 481, scr 0, afc 1, cc 6

TP 122: sync 47, tei 0, pusi 0, pri 0, pid 481, scr 0, afc 1, cc 7

TP 123: sync 47, tei 0, pusi 0, pri 0, pid 481, scr 0, afc 1, cc 8

TP 124: sync 47, tei 0, pusi 0, pri 0, pid 481, scr 0, afc 1, cc 9

TP 125: sync 47, tei 0, pusi 0, pri 0, pid 482, scr 0, afc 1, cc 9

TP 126: sync 47, tei 0, pusi 0, pri 0, pid 481, scr 0, afc 1, cc 10

TP 127: sync 47, tei 0, pusi 0, pri 0, pid 481, scr 0, afc 1, cc 11

TP 128: sync 47, tei 0, pusi 0, pri 0, pid 481, scr 0, afc 1, cc 12

TP 129: sync 47, tei 0, pusi 0, pri 0, pid 483, scr 0, afc 1, cc 7

TP 130: sync 47, tei 0, pusi 0, pri 0, pid 481, scr 0, afc 1, cc 13

TP 131: sync 47, tei 0, pusi 0, pri 0, pid 481, scr 0, afc 1, cc 14

TP 132: sync 47, tei 0, pusi 0, pri 0, pid 481, scr 0, afc 1, cc 15

TP 133: sync 47, tei 0, pusi 0, pri 0, pid 481, scr 0, afc 1, cc 0

TP 134: sync 47, tei 0, pusi 0, pri 0, pid 481, scr 0, afc 1, cc 1

TP 135: sync 47, tei 0, pusi 0, pri 0, pid 481, scr 0, afc 1, cc 2

TP 136: sync 47, tei 0, pusi 0, pri 0, pid 481, scr 0, afc 1, cc 3

TP 137: sync 47, tei 0, pusi 0, pri 0, pid 481, scr 0, afc 1, cc 4

TP 138: sync 47, tei 0, pusi 0, pri 0, pid 481, scr 0, afc 1, cc 5

TP 139: sync 47, tei 0, pusi 0, pri 0, pid 482, scr 0, afc 1, cc 10

TP 140: sync 47, tei 0, pusi 0, pri 0, pid 481, scr 0, afc 1, cc 6

TP 141: sync 47, tei 0, pusi 0, pri 0, pid 481, scr 0, afc 1, cc 7

TP 142: sync 47, tei 0, pusi 0, pri 0, pid 481, scr 0, afc 1, cc 8

TP 143: sync 47, tei 0, pusi 0, pri 0, pid 481, scr 0, afc 1, cc 9

TP 144: sync 47, tei 0, pusi 0, pri 0, pid 481, scr 0, afc 1, cc 10

TP 145: sync 47, tei 0, pusi 0, pri 0, pid 481, scr 0, afc 1, cc 11

TP 146: sync 47, tei 0, pusi 0, pri 0, pid 481, scr 0, afc 1, cc 12

TP 147: sync 47, tei 0, pusi 0, pri 0, pid 481, scr 0, afc 1, cc 13

TP 148: sync 47, tei 0, pusi 0, pri 0, pid 481, scr 0, afc 1, cc 14

TP 149: sync 47, tei 0, pusi 0, pri 0, pid 481, scr 0, afc 1, cc 15

TP 150: sync 47, tei 0, pusi 0, pri 0, pid 481, scr 0, afc 1, cc 0

TP 151: sync 47, tei 0, pusi 0, pri 0, pid 482, scr 0, afc 1, cc 11

TP 152: sync 47, tei 0, pusi 0, pri 0, pid 481, scr 0, afc 1, cc 1

TP 153: sync 47, tei 0, pusi 0, pri 0, pid 481, scr 0, afc 1, cc 2

TP 154: sync 47, tei 0, pusi 0, pri 0, pid 481, scr 0, afc 1, cc 3

TP 155: sync 47, tei 0, pusi 0, pri 0, pid 481, scr 0, afc 1, cc 4

TP 156: sync 47, tei 0, pusi 0, pri 0, pid 481, scr 0, afc 1, cc 5

TP 157: sync 47, tei 0, pusi 0, pri 0, pid 481, scr 0, afc 3, cc 6
  AF: sz 59

TP 158: sync 47, tei 0, pusi 1, pri 0, pid 481, scr 0, afc 3, cc 7
  AF: sz 7, PCR 00000157d:4

TP 159: sync 47, tei 0, pusi 0, pri 0, pid 481, scr 0, afc 1, cc 8

TP 160: sync 47, tei 0, pusi 0, pri 0, pid 481, scr 0, afc 1, cc 9

TP 161: sync 47, tei 0, pusi 0, pri 0, pid 481, scr 0, afc 1, cc 10

TP 162: sync 47, tei 0, pusi 0, pri 0, pid 481, scr 0, afc 1, cc 11

TP 163: sync 47, tei 0, pusi 0, pri 0, pid 481, scr 0, afc 1, cc 12

TP 164: sync 47, tei 0, pusi 0, pri 0, pid 482, scr 0, afc 1, cc 12

TP 165: sync 47, tei 0, pusi 0, pri 0, pid 481, scr 0, afc 1, cc 13

TP 166: sync 47, tei 0, pusi 0, pri 0, pid 481, scr 0, afc 1, cc 14

TP 167: sync 47, tei 0, pusi 0, pri 0, pid 481, scr 0, afc 1, cc 15

TP 168: sync 47, tei 0, pusi 0, pri 0, pid 481, scr 0, afc 1, cc 0

TP 169: sync 47, tei 0, pusi 0, pri 0, pid 481, scr 0, afc 1, cc 1

TP 170: sync 47, tei 0, pusi 0, pri 0, pid 481, scr 0, afc 1, cc 2

TP 171: sync 47, tei 0, pusi 0, pri 0, pid 481, scr 0, afc 1, cc 3

TP 172: sync 47, tei 0, pusi 0, pri 0, pid 481, scr 0, afc 1, cc 4

TP 173: sync 47, tei 0, pusi 0, pri 0, pid 481, scr 0, afc 1, cc 5

TP 174: sync 47, tei 0, pusi 0, pri 0, pid 481, scr 0, afc 1, cc 6

TP 175: sync 47, tei 0, pusi 0, pri 0, pid 481, scr 0, afc 1, cc 7

TP 176: sync 47, tei 0, pusi 0, pri 0, pid 481, scr 0, afc 1, cc 8

TP 177: sync 47, tei 0, pusi 0, pri 0, pid 482, scr 0, afc 1, cc 13

TP 178: sync 47, tei 0, pusi 0, pri 0, pid 481, scr 0, afc 1, cc 9

TP 179: sync 47, tei 0, pusi 0, pri 0, pid 481, scr 0, afc 1, cc 10

TP 180: sync 47, tei 0, pusi 0, pri 0, pid 481, scr 0, afc 1, cc 11

TP 181: sync 47, tei 0, pusi 0, pri 0, pid 481, scr 0, afc 1, cc 12

TP 182: sync 47, tei 0, pusi 0, pri 0, pid 481, scr 0, afc 1, cc 13

TP 183: sync 47, tei 0, pusi 0, pri 0, pid 481, scr 0, afc 1, cc 14

TP 184: sync 47, tei 0, pusi 0, pri 0, pid 481, scr 0, afc 1, cc 15

TP 185: sync 47, tei 0, pusi 0, pri 0, pid 481, scr 0, afc 1, cc 0

TP 186: sync 47, tei 0, pusi 0, pri 0, pid 481, scr 0, afc 1, cc 1

TP 187: sync 47, tei 0, pusi 0, pri 0, pid 481, scr 0, afc 1, cc 2

TP 188: sync 47, tei 0, pusi 0, pri 0, pid 481, scr 0, afc 1, cc 3

TP 189: sync 47, tei 0, pusi 0, pri 0, pid 481, scr 0, afc 1, cc 4

TP 190: sync 47, tei 0, pusi 0, pri 0, pid 482, scr 0, afc 1, cc 14

TP 191: sync 47, tei 0, pusi 0, pri 0, pid 481, scr 0, afc 1, cc 5

TP 192: sync 47, tei 0, pusi 0, pri 0, pid 481, scr 0, afc 1, cc 6

TP 193: sync 47, tei 0, pusi 0, pri 0, pid 481, scr 0, afc 1, cc 7

TP 194: sync 47, tei 0, pusi 0, pri 0, pid 481, scr 0, afc 1, cc 8

TP 195: sync 47, tei 0, pusi 0, pri 0, pid 481, scr 0, afc 1, cc 9

TP 196: sync 47, tei 0, pusi 0, pri 0, pid 481, scr 0, afc 1, cc 10

TP 197: sync 47, tei 0, pusi 0, pri 0, pid 481, scr 0, afc 1, cc 11

TP 198: sync 47, tei 0, pusi 0, pri 0, pid 481, scr 0, afc 1, cc 12

TP 199: sync 47, tei 0, pusi 0, pri 0, pid 481, scr 0, afc 1, cc 13

TP 200: sync 47, tei 0, pusi 0, pri 0, pid 481, scr 0, afc 1, cc 14

TP 201: sync 47, tei 0, pusi 0, pri 0, pid 481, scr 0, afc 1, cc 15

TP 202: sync 47, tei 0, pusi 0, pri 0, pid 481, scr 0, afc 1, cc 0

TP 203: sync 47, tei 0, pusi 0, pri 0, pid 482, scr 0, afc 1, cc 15

TP 204: sync 47, tei 0, pusi 0, pri 0, pid 481, scr 0, afc 1, cc 1

TP 205: sync 47, tei 0, pusi 0, pri 0, pid 481, scr 0, afc 1, cc 2

TP 206: sync 47, tei 0, pusi 0, pri 0, pid 481, scr 0, afc 3, cc 3
  AF: sz 59

TP 207: sync 47, tei 0, pusi 1, pri 0, pid 481, scr 0, afc 3, cc 4
  AF: sz 7, PCR 000001c31:267

TP 208: sync 47, tei 0, pusi 0, pri 0, pid 481, scr 0, afc 1, cc 5

TP 209: sync 47, tei 0, pusi 0, pri 0, pid 481, scr 0, afc 1, cc 6

TP 210: sync 47, tei 0, pusi 0, pri 0, pid 481, scr 0, afc 1, cc 7

TP 211: sync 47, tei 0, pusi 0, pri 0, pid 481, scr 0, afc 1, cc 8

TP 212: sync 47, tei 0, pusi 0, pri 0, pid 481, scr 0, afc 1, cc 9

TP 213: sync 47, tei 0, pusi 0, pri 0, pid 481, scr 0, afc 1, cc 10

TP 214: sync 47, tei 0, pusi 0, pri 0, pid 481, scr 0, afc 1, cc 11

TP 215: sync 47, tei 0, pusi 0, pri 0, pid 481, scr 0, afc 1, cc 12

TP 216: sync 47, tei 0, pusi 0, pri 0, pid 482, scr 0, afc 3, cc 0
  AF: sz 35

TP 217: sync 47, tei 0, pusi 0, pri 0, pid 481, scr 0, afc 1, cc 13

TP 218: sync 47, tei 0, pusi 0, pri 0, pid 481, scr 0, afc 1, cc 14

TP 219: sync 47, tei 0, pusi 0, pri 0, pid 481, scr 0, afc 1, cc 15

TP 220: sync 47, tei 0, pusi 0, pri 0, pid 481, scr 0, afc 1, cc 0

TP 221: sync 47, tei 0, pusi 0, pri 0, pid 481, scr 0, afc 1, cc 1

TP 222: sync 47, tei 0, pusi 0, pri 0, pid 481, scr 0, afc 1, cc 2

TP 223: sync 47, tei 0, pusi 0, pri 0, pid 481, scr 0, afc 1, cc 3

TP 224: sync 47, tei 0, pusi 0, pri 0, pid 481, scr 0, afc 1, cc 4

TP 225: sync 47, tei 0, pusi 0, pri 0, pid 481, scr 0, afc 1, cc 5

TP 226: sync 47, tei 0, pusi 1, pri 0, pid 482, scr 0, afc 1, cc 1

TP 227: sync 47, tei 0, pusi 0, pri 0, pid 481, scr 0, afc 1, cc 6

TP 228: sync 47, tei 0, pusi 0, pri 0, pid 481, scr 0, afc 1, cc 7

TP 229: sync 47, tei 0, pusi 0, pri 0, pid 481, scr 0, afc 1, cc 8

TP 230: sync 47, tei 0, pusi 0, pri 0, pid 481, scr 0, afc 1, cc 9

TP 231: sync 47, tei 0, pusi 0, pri 0, pid 481, scr 0, afc 1, cc 10

TP 232: sync 47, tei 0, pusi 0, pri 0, pid 481, scr 0, afc 1, cc 11

TP 233: sync 47, tei 0, pusi 0, pri 0, pid 481, scr 0, afc 1, cc 12

TP 234: sync 47, tei 0, pusi 0, pri 0, pid 481, scr 0, afc 1, cc 13

TP 235: sync 47, tei 0, pusi 0, pri 0, pid 481, scr 0, afc 1, cc 14

TP 236: sync 47, tei 0, pusi 0, pri 0, pid 481, scr 0, afc 1, cc 15

TP 237: sync 47, tei 0, pusi 0, pri 0, pid 481, scr 0, afc 1, cc 0

TP 238: sync 47, tei 0, pusi 0, pri 0, pid 481, scr 0, afc 1, cc 1

TP 239: sync 47, tei 0, pusi 0, pri 0, pid 482, scr 0, afc 1, cc 2

TP 240: sync 47, tei 0, pusi 0, pri 0, pid 481, scr 0, afc 1, cc 2

TP 241: sync 47, tei 0, pusi 0, pri 0, pid 481, scr 0, afc 1, cc 3

TP 242: sync 47, tei 0, pusi 0, pri 0, pid 481, scr 0, afc 1, cc 4

TP 243: sync 47, tei 0, pusi 0, pri 0, pid 481, scr 0, afc 1, cc 5

TP 244: sync 47, tei 0, pusi 0, pri 0, pid 481, scr 0, afc 1, cc 6

TP 245: sync 47, tei 0, pusi 0, pri 0, pid 481, scr 0, afc 1, cc 7

TP 246: sync 47, tei 0, pusi 0, pri 0, pid 481, scr 0, afc 1, cc 8

TP 247: sync 47, tei 0, pusi 0, pri 0, pid 481, scr 0, afc 1, cc 9

TP 248: sync 47, tei 0, pusi 0, pri 0, pid 481, scr 0, afc 1, cc 10

TP 249: sync 47, tei 0, pusi 0, pri 0, pid 481, scr 0, afc 1, cc 11

TP 250: sync 47, tei 0, pusi 0, pri 0, pid 481, scr 0, afc 1, cc 12

TP 251: sync 47, tei 0, pusi 0, pri 0, pid 481, scr 0, afc 1, cc 13

TP 252: sync 47, tei 0, pusi 0, pri 0, pid 481, scr 0, afc 3, cc 14
  AF: sz 11

TP 253: sync 47, tei 0, pusi 1, pri 0, pid 481, scr 0, afc 3, cc 15
  AF: sz 7, PCR 00000227d:196

TP 254: sync 47, tei 0, pusi 0, pri 0, pid 481, scr 0, afc 1, cc 0

TP 255: sync 47, tei 0, pusi 0, pri 0, pid 481, scr 0, afc 1, cc 1

TP 256: sync 47, tei 0, pusi 0, pri 0, pid 481, scr 0, afc 1, cc 2

TP 257: sync 47, tei 0, pusi 0, pri 0, pid 481, scr 0, afc 1, cc 3

TP 258: sync 47, tei 0, pusi 1, pri 0, pid 0, scr 0, afc 1, cc 2

TP 259: sync 47, tei 0, pusi 1, pri 0, pid 500, scr 0, afc 1, cc 2

TP 260: sync 47, tei 0, pusi 0, pri 0, pid 481, scr 0, afc 1, cc 4

TP 261: sync 47, tei 0, pusi 0, pri 0, pid 481, scr 0, afc 1, cc 5

TP 262: sync 47, tei 0, pusi 0, pri 0, pid 481, scr 0, afc 1, cc 6

TP 263: sync 47, tei 0, pusi 0, pri 0, pid 481, scr 0, afc 1, cc 7

TP 264: sync 47, tei 0, pusi 0, pri 0, pid 481, scr 0, afc 1, cc 8

TP 265: sync 47, tei 0, pusi 0, pri 0, pid 481, scr 0, afc 1, cc 9

TP 266: sync 47, tei 0, pusi 0, pri 0, pid 481, scr 0, afc 1, cc 10

TP 267: sync 47, tei 0, pusi 0, pri 0, pid 481, scr 0, afc 1, cc 11

TP 268: sync 47, tei 0, pusi 0, pri 0, pid 481, scr 0, afc 3, cc 12
  AF: sz 11

TP 269: sync 47, tei 0, pusi 1, pri 0, pid 481, scr 0, afc 3, cc 13
  AF: sz 7, PCR 0000024ae:80

TP 270: sync 47, tei 0, pusi 0, pri 0, pid 481, scr 0, afc 1, cc 14

TP 271: sync 47, tei 0, pusi 0, pri 0, pid 481, scr 0, afc 1, cc 15

TP 272: sync 47, tei 0, pusi 0, pri 0, pid 481, scr 0, afc 1, cc 0

TP 273: sync 47, tei 0, pusi 0, pri 0, pid 481, scr 0, afc 1, cc 1

TP 274: sync 47, tei 0, pusi 0, pri 0, pid 481, scr 0, afc 1, cc 2

TP 275: sync 47, tei 0, pusi 0, pri 0, pid 481, scr 0, afc 1, cc 3

TP 276: sync 47, tei 0, pusi 0, pri 0, pid 481, scr 0, afc 1, cc 4

TP 277: sync 47, tei 0, pusi 0, pri 0, pid 481, scr 0, afc 1, cc 5

TP 278: sync 47, tei 0, pusi 0, pri 0, pid 481, scr 0, afc 1, cc 6

TP 279: sync 47, tei 0, pusi 0, pri 0, pid 481, scr 0, afc 1, cc 7

TP 280: sync 47, tei 0, pusi 0, pri 0, pid 481, scr 0, afc 1, cc 8

TP 281: sync 47, tei 0, pusi 0, pri 0, pid 481, scr 0, afc 1, cc 9

TP 282: sync 47, tei 0, pusi 0, pri 0, pid 481, scr 0, afc 1, cc 10

TP 283: sync 47, tei 0, pusi 0, pri 0, pid 481, scr 0, afc 1, cc 11

TP 284: sync 47, tei 0, pusi 0, pri 0, pid 481, scr 0, afc 1, cc 12

TP 285: sync 47, tei 0, pusi 0, pri 0, pid 481, scr 0, afc 1, cc 13

TP 286: sync 47, tei 0, pusi 0, pri 0, pid 481, scr 0, afc 3, cc 14
  AF: sz 19

TP 287: sync 47, tei 0, pusi 1, pri 0, pid 481, scr 0, afc 3, cc 15
  AF: sz 7, PCR 000002724:287

TP 288: sync 47, tei 0, pusi 0, pri 0, pid 481, scr 0, afc 1, cc 0

TP 289: sync 47, tei 0, pusi 0, pri 0, pid 481, scr 0, afc 1, cc 1

TP 290: sync 47, tei 0, pusi 0, pri 0, pid 481, scr 0, afc 1, cc 2

TP 291: sync 47, tei 0, pusi 0, pri 0, pid 481, scr 0, afc 1, cc 3

TP 292: sync 47, tei 0, pusi 0, pri 0, pid 481, scr 0, afc 1, cc 4

TP 293: sync 47, tei 0, pusi 0, pri 0, pid 481, scr 0, afc 1, cc 5

TP 294: sync 47, tei 0, pusi 0, pri 0, pid 481, scr 0, afc 1, cc 6

TP 295: sync 47, tei 0, pusi 0, pri 0, pid 481, scr 0, afc 1, cc 7

TP 296: sync 47, tei 0, pusi 0, pri 0, pid 481, scr 0, afc 1, cc 8

TP 297: sync 47, tei 0, pusi 0, pri 0, pid 481, scr 0, afc 1, cc 9

TP 298: sync 47, tei 0, pusi 0, pri 0, pid 481, scr 0, afc 1, cc 10

TP 299: sync 47, tei 0, pusi 0, pri 0, pid 481, scr 0, afc 1, cc 11

TP 300: sync 47, tei 0, pusi 0, pri 0, pid 481, scr 0, afc 1, cc 12

TP 301: sync 47, tei 0, pusi 0, pri 0, pid 481, scr 0, afc 1, cc 13

TP 302: sync 47, tei 0, pusi 0, pri 0, pid 481, scr 0, afc 1, cc 14

TP 303: sync 47, tei 0, pusi 0, pri 0, pid 481, scr 0, afc 1, cc 15

TP 304: sync 47, tei 0, pusi 0, pri 0, pid 481, scr 0, afc 1, cc 0

TP 305: sync 47, tei 0, pusi 0, pri 0, pid 481, scr 0, afc 1, cc 1

TP 306: sync 47, tei 0, pusi 0, pri 0, pid 481, scr 0, afc 1, cc 2

TP 307: sync 47, tei 0, pusi 0, pri 0, pid 481, scr 0, afc 1, cc 3

TP 308: sync 47, tei 0, pusi 0, pri 0, pid 481, scr 0, afc 1, cc 4

TP 309: sync 47, tei 0, pusi 0, pri 0, pid 481, scr 0, afc 1, cc 5

TP 310: sync 47, tei 0, pusi 0, pri 0, pid 481, scr 0, afc 1, cc 6

TP 311: sync 47, tei 0, pusi 0, pri 0, pid 481, scr 0, afc 1, cc 7

TP 312: sync 47, tei 0, pusi 0, pri 0, pid 481, scr 0, afc 1, cc 8

TP 313: sync 47, tei 0, pusi 0, pri 0, pid 481, scr 0, afc 1, cc 9

TP 314: sync 47, tei 0, pusi 0, pri 0, pid 481, scr 0, afc 1, cc 10

TP 315: sync 47, tei 0, pusi 0, pri 0, pid 481, scr 0, afc 1, cc 11

TP 316: sync 47, tei 0, pusi 0, pri 0, pid 481, scr 0, afc 1, cc 12

TP 317: sync 47, tei 0, pusi 0, pri 0, pid 481, scr 0, afc 1, cc 13

TP 318: sync 47, tei 0, pusi 0, pri 0, pid 481, scr 0, afc 1, cc 14

TP 319: sync 47, tei 0, pusi 0, pri 0, pid 481, scr 0, afc 1, cc 15

TP 320: sync 47, tei 0, pusi 0, pri 0, pid 481, scr 0, afc 1, cc 0

TP 321: sync 47, tei 0, pusi 0, pri 0, pid 481, scr 0, afc 1, cc 1

TP 322: sync 47, tei 0, pusi 0, pri 0, pid 481, scr 0, afc 1, cc 2

TP 323: sync 47, tei 0, pusi 0, pri 0, pid 481, scr 0, afc 1, cc 3

TP 324: sync 47, tei 0, pusi 0, pri 0, pid 481, scr 0, afc 1, cc 4

TP 325: sync 47, tei 0, pusi 0, pri 0, pid 481, scr 0, afc 1, cc 5

TP 326: sync 47, tei 0, pusi 0, pri 0, pid 481, scr 0, afc 1, cc 6

TP 327: sync 47, tei 0, pusi 0, pri 0, pid 481, scr 0, afc 1, cc 7

TP 328: sync 47, tei 0, pusi 0, pri 0, pid 481, scr 0, afc 1, cc 8

TP 329: sync 47, tei 0, pusi 0, pri 0, pid 481, scr 0, afc 1, cc 9

TP 330: sync 47, tei 0, pusi 0, pri 0, pid 481, scr 0, afc 1, cc 10

TP 331: sync 47, tei 0, pusi 0, pri 0, pid 481, scr 0, afc 3, cc 11
  AF: sz 59

TP 332: sync 47, tei 0, pusi 1, pri 0, pid 481, scr 0, afc 3, cc 12
  AF: sz 7, PCR 000002d4d:204

TP 333: sync 47, tei 0, pusi 0, pri 0, pid 481, scr 0, afc 1, cc 13

TP 334: sync 47, tei 0, pusi 0, pri 0, pid 481, scr 0, afc 1, cc 14

TP 335: sync 47, tei 0, pusi 0, pri 0, pid 481, scr 0, afc 1, cc 15

TP 336: sync 47, tei 0, pusi 0, pri 0, pid 481, scr 0, afc 1, cc 0

TP 337: sync 47, tei 0, pusi 0, pri 0, pid 481, scr 0, afc 1, cc 1

TP 338: sync 47, tei 0, pusi 0, pri 0, pid 481, scr 0, afc 1, cc 2

TP 339: sync 47, tei 0, pusi 0, pri 0, pid 481, scr 0, afc 1, cc 3

TP 340: sync 47, tei 0, pusi 0, pri 0, pid 481, scr 0, afc 1, cc 4

TP 341: sync 47, tei 0, pusi 0, pri 0, pid 481, scr 0, afc 1, cc 5

TP 342: sync 47, tei 0, pusi 0, pri 0, pid 481, scr 0, afc 1, cc 6

TP 343: sync 47, tei 0, pusi 0, pri 0, pid 481, scr 0, afc 1, cc 7

TP 344: sync 47, tei 0, pusi 0, pri 0, pid 481, scr 0, afc 1, cc 8

TP 345: sync 47, tei 0, pusi 0, pri 0, pid 481, scr 0, afc 1, cc 9

TP 346: sync 47, tei 0, pusi 0, pri 0, pid 481, scr 0, afc 1, cc 10

TP 347: sync 47, tei 0, pusi 0, pri 0, pid 481, scr 0, afc 1, cc 11

TP 348: sync 47, tei 0, pusi 0, pri 0, pid 481, scr 0, afc 1, cc 12

TP 349: sync 47, tei 0, pusi 0, pri 0, pid 481, scr 0, afc 1, cc 13

TP 350: sync 47, tei 0, pusi 0, pri 0, pid 481, scr 0, afc 3, cc 14
  AF: sz 155

TP 351: sync 47, tei 0, pusi 1, pri 0, pid 481, scr 0, afc 3, cc 15
  AF: sz 7, PCR 000002fe7:122

TP 352: sync 47, tei 0, pusi 0, pri 0, pid 481, scr 0, afc 1, cc 0

TP 353: sync 47, tei 0, pusi 0, pri 0, pid 481, scr 0, afc 1, cc 1

TP 354: sync 47, tei 0, pusi 0, pri 0, pid 481, scr 0, afc 1, cc 2

TP 355: sync 47, tei 0, pusi 0, pri 0, pid 481, scr 0, afc 1, cc 3

TP 356: sync 47, tei 0, pusi 0, pri 0, pid 481, scr 0, afc 1, cc 4

TP 357: sync 47, tei 0, pusi 0, pri 0, pid 481, scr 0, afc 1, cc 5

TP 358: sync 47, tei 0, pusi 0, pri 0, pid 481, scr 0, afc 1, cc 6

TP 359: sync 47, tei 0, pusi 0, pri 0, pid 481, scr 0, afc 1, cc 7

TP 360: sync 47, tei 0, pusi 0, pri 0, pid 481, scr 0, afc 1, cc 8

TP 361: sync 47, tei 0, pusi 0, pri 0, pid 481, scr 0, afc 1, cc 9

TP 362: sync 47, tei 0, pusi 0, pri 0, pid 481, scr 0, afc 1, cc 10

TP 363: sync 47, tei 0, pusi 0, pri 0, pid 481, scr 0, afc 1, cc 11

TP 364: sync 47, tei 0, pusi 0, pri 0, pid 481, scr 0, afc 1, cc 12

TP 365: sync 47, tei 0, pusi 0, pri 0, pid 481, scr 0, afc 1, cc 13

TP 366: sync 47, tei 0, pusi 0, pri 0, pid 481, scr 0, afc 1, cc 14

TP 367: sync 47, tei 0, pusi 0, pri 0, pid 481, scr 0, afc 1, cc 15

TP 368: sync 47, tei 0, pusi 0, pri 0, pid 481, scr 0, afc 1, cc 0

TP 369: sync 47, tei 0, pusi 0, pri 0, pid 481, scr 0, afc 1, cc 1

TP 370: sync 47, tei 0, pusi 0, pri 0, pid 481, scr 0, afc 1, cc 2

TP 371: sync 47, tei 0, pusi 0, pri 0, pid 481, scr 0, afc 1, cc 3

TP 372: sync 47, tei 0, pusi 0, pri 0, pid 481, scr 0, afc 1, cc 4

TP 373: sync 47, tei 0, pusi 0, pri 0, pid 481, scr 0, afc 1, cc 5

TP 374: sync 47, tei 0, pusi 0, pri 0, pid 481, scr 0, afc 1, cc 6

TP 375: sync 47, tei 0, pusi 0, pri 0, pid 481, scr 0, afc 1, cc 7

TP 376: sync 47, tei 0, pusi 0, pri 0, pid 481, scr 0, afc 1, cc 8

TP 377: sync 47, tei 0, pusi 0, pri 0, pid 481, scr 0, afc 1, cc 9

TP 378: sync 47, tei 0, pusi 0, pri 0, pid 481, scr 0, afc 1, cc 10

TP 379: sync 47, tei 0, pusi 0, pri 0, pid 481, scr 0, afc 1, cc 11

TP 380: sync 47, tei 0, pusi 0, pri 0, pid 481, scr 0, afc 1, cc 12

TP 381: sync 47, tei 0, pusi 0, pri 0, pid 481, scr 0, afc 1, cc 13

TP 382: sync 47, tei 0, pusi 0, pri 0, pid 481, scr 0, afc 1, cc 14

TP 383: sync 47, tei 0, pusi 0, pri 0, pid 481, scr 0, afc 1, cc 15

TP 384: sync 47, tei 0, pusi 0, pri 0, pid 481, scr 0, afc 1, cc 0

TP 385: sync 47, tei 0, pusi 0, pri 0, pid 481, scr 0, afc 1, cc 1

TP 386: sync 47, tei 0, pusi 0, pri 0, pid 481, scr 0, afc 1, cc 2

TP 387: sync 47, tei 0, pusi 0, pri 0, pid 481, scr 0, afc 1, cc 3

TP 388: sync 47, tei 0, pusi 0, pri 0, pid 481, scr 0, afc 1, cc 4

TP 389: sync 47, tei 0, pusi 0, pri 0, pid 481, scr 0, afc 1, cc 5

TP 390: sync 47, tei 0, pusi 0, pri 0, pid 481, scr 0, afc 3, cc 6
  AF: sz 99

TP 391: sync 47, tei 0, pusi 1, pri 0, pid 481, scr 0, afc 3, cc 7
  AF: sz 7, PCR 000003560:282

TP 392: sync 47, tei 0, pusi 0, pri 0, pid 481, scr 0, afc 1, cc 8

TP 393: sync 47, tei 0, pusi 0, pri 0, pid 481, scr 0, afc 1, cc 9

TP 394: sync 47, tei 0, pusi 0, pri 0, pid 481, scr 0, afc 1, cc 10

TP 395: sync 47, tei 0, pusi 0, pri 0, pid 481, scr 0, afc 1, cc 11

TP 396: sync 47, tei 0, pusi 0, pri 0, pid 481, scr 0, afc 1, cc 12

TP 397: sync 47, tei 0, pusi 0, pri 0, pid 481, scr 0, afc 1, cc 13

TP 398: sync 47, tei 0, pusi 0, pri 0, pid 481, scr 0, afc 1, cc 14

TP 399: sync 47, tei 0, pusi 0, pri 0, pid 481, scr 0, afc 1, cc 15

TP 400: sync 47, tei 0, pusi 0, pri 0, pid 481, scr 0, afc 1, cc 0

TP 401: sync 47, tei 0, pusi 0, pri 0, pid 481, scr 0, afc 1, cc 1

TP 402: sync 47, tei 0, pusi 0, pri 0, pid 481, scr 0, afc 1, cc 2

TP 403: sync 47, tei 0, pusi 0, pri 0, pid 481, scr 0, afc 1, cc 3

TP 404: sync 47, tei 0, pusi 0, pri 0, pid 481, scr 0, afc 1, cc 4

TP 405: sync 47, tei 0, pusi 0, pri 0, pid 481, scr 0, afc 1, cc 5

TP 406: sync 47, tei 0, pusi 0, pri 0, pid 481, scr 0, afc 1, cc 6

TP 407: sync 47, tei 0, pusi 0, pri 0, pid 481, scr 0, afc 1, cc 7

TP 408: sync 47, tei 0, pusi 0, pri 0, pid 481, scr 0, afc 1, cc 8

TP 409: sync 47, tei 0, pusi 0, pri 0, pid 481, scr 0, afc 1, cc 9

TP 410: sync 47, tei 0, pusi 0, pri 0, pid 481, scr 0, afc 1, cc 10

TP 411: sync 47, tei 0, pusi 0, pri 0, pid 481, scr 0, afc 1, cc 11

TP 412: sync 47, tei 0, pusi 0, pri 0, pid 481, scr 0, afc 1, cc 12

TP 413: sync 47, tei 0, pusi 0, pri 0, pid 481, scr 0, afc 1, cc 13

TP 414: sync 47, tei 0, pusi 0, pri 0, pid 481, scr 0, afc 1, cc 14

TP 415: sync 47, tei 0, pusi 0, pri 0, pid 481, scr 0, afc 1, cc 15

TP 416: sync 47, tei 0, pusi 0, pri 0, pid 481, scr 0, afc 1, cc 0

TP 417: sync 47, tei 0, pusi 0, pri 0, pid 481, scr 0, afc 1, cc 1

TP 418: sync 47, tei 0, pusi 0, pri 0, pid 481, scr 0, afc 1, cc 2

TP 419: sync 47, tei 0, pusi 0, pri 0, pid 481, scr 0, afc 1, cc 3

TP 420: sync 47, tei 0, pusi 0, pri 0, pid 481, scr 0, afc 1, cc 4

TP 421: sync 47, tei 0, pusi 0, pri 0, pid 481, scr 0, afc 1, cc 5

TP 422: sync 47, tei 0, pusi 0, pri 0, pid 481, scr 0, afc 1, cc 6

TP 423: sync 47, tei 0, pusi 0, pri 0, pid 481, scr 0, afc 1, cc 7

TP 424: sync 47, tei 0, pusi 0, pri 0, pid 481, scr 0, afc 1, cc 8

TP 425: sync 47, tei 0, pusi 0, pri 0, pid 481, scr 0, afc 1, cc 9

TP 426: sync 47, tei 0, pusi 0, pri 0, pid 481, scr 0, afc 1, cc 10

TP 427: sync 47, tei 0, pusi 0, pri 0, pid 481, scr 0, afc 1, cc 11

TP 428: sync 47, tei 0, pusi 0, pri 0, pid 481, scr 0, afc 1, cc 12

TP 429: sync 47, tei 0, pusi 0, pri 0, pid 481, scr 0, afc 1, cc 13

TP 430: sync 47, tei 0, pusi 0, pri 0, pid 481, scr 0, afc 1, cc 14

TP 431: sync 47, tei 0, pusi 0, pri 0, pid 481, scr 0, afc 1, cc 15

TP 432: sync 47, tei 0, pusi 0, pri 0, pid 481, scr 0, afc 1, cc 0

TP 433: sync 47, tei 0, pusi 0, pri 0, pid 481, scr 0, afc 1, cc 1

TP 434: sync 47, tei 0, pusi 0, pri 0, pid 481, scr 0, afc 1, cc 2

TP 435: sync 47, tei 0, pusi 0, pri 0, pid 481, scr 0, afc 3, cc 3
  AF: sz 59

TP 436: sync 47, tei 0, pusi 1, pri 0, pid 481, scr 0, afc 3, cc 4
  AF: sz 7, PCR 000003b89:199

TP 437: sync 47, tei 0, pusi 0, pri 0, pid 481, scr 0, afc 1, cc 5

TP 438: sync 47, tei 0, pusi 0, pri 0, pid 481, scr 0, afc 1, cc 6

TP 439: sync 47, tei 0, pusi 0, pri 0, pid 481, scr 0, afc 1, cc 7

TP 440: sync 47, tei 0, pusi 0, pri 0, pid 481, scr 0, afc 1, cc 8

TP 441: sync 47, tei 0, pusi 0, pri 0, pid 481, scr 0, afc 1, cc 9

TP 442: sync 47, tei 0, pusi 0, pri 0, pid 481, scr 0, afc 1, cc 10

TP 443: sync 47, tei 0, pusi 0, pri 0, pid 481, scr 0, afc 1, cc 11

TP 444: sync 47, tei 0, pusi 0, pri 0, pid 481, scr 0, afc 1, cc 12

TP 445: sync 47, tei 0, pusi 0, pri 0, pid 481, scr 0, afc 1, cc 13

TP 446: sync 47, tei 0, pusi 0, pri 0, pid 481, scr 0, afc 1, cc 14

TP 447: sync 47, tei 0, pusi 0, pri 0, pid 481, scr 0, afc 1, cc 15

TP 448: sync 47, tei 0, pusi 0, pri 0, pid 481, scr 0, afc 1, cc 0

TP 449: sync 47, tei 0, pusi 0, pri 0, pid 481, scr 0, afc 3, cc 1
  AF: sz 51

TP 450: sync 47, tei 0, pusi 1, pri 0, pid 481, scr 0, afc 3, cc 2
  AF: sz 7, PCR 000003d74:60

TP 451: sync 47, tei 0, pusi 0, pri 0, pid 481, scr 0, afc 1, cc 3

TP 452: sync 47, tei 0, pusi 0, pri 0, pid 481, scr 0, afc 1, cc 4

TP 453: sync 47, tei 0, pusi 0, pri 0, pid 481, scr 0, afc 1, cc 5

TP 454: sync 47, tei 0, pusi 0, pri 0, pid 481, scr 0, afc 1, cc 6

TP 455: sync 47, tei 0, pusi 0, pri 0, pid 481, scr 0, afc 1, cc 7

TP 456: sync 47, tei 0, pusi 0, pri 0, pid 481, scr 0, afc 1, cc 8

TP 457: sync 47, tei 0, pusi 0, pri 0, pid 481, scr 0, afc 1, cc 9

TP 458: sync 47, tei 0, pusi 0, pri 0, pid 481, scr 0, afc 1, cc 10

TP 459: sync 47, tei 0, pusi 0, pri 0, pid 481, scr 0, afc 1, cc 11

TP 460: sync 47, tei 0, pusi 0, pri 0, pid 481, scr 0, afc 1, cc 12

TP 461: sync 47, tei 0, pusi 0, pri 0, pid 481, scr 0, afc 1, cc 13

TP 462: sync 47, tei 0, pusi 0, pri 0, pid 481, scr 0, afc 1, cc 14

TP 463: sync 47, tei 0, pusi 0, pri 0, pid 481, scr 0, afc 1, cc 15

TP 464: sync 47, tei 0, pusi 0, pri 0, pid 481, scr 0, afc 1, cc 0

TP 465: sync 47, tei 0, pusi 0, pri 0, pid 481, scr 0, afc 1, cc 1

TP 466: sync 47, tei 0, pusi 0, pri 0, pid 481, scr 0, afc 1, cc 2

TP 467: sync 47, tei 0, pusi 0, pri 0, pid 481, scr 0, afc 1, cc 3

TP 468: sync 47, tei 0, pusi 0, pri 0, pid 481, scr 0, afc 1, cc 4

TP 469: sync 47, tei 0, pusi 0, pri 0, pid 481, scr 0, afc 1, cc 5

TP 470: sync 47, tei 0, pusi 0, pri 0, pid 481, scr 0, afc 1, cc 6

TP 471: sync 47, tei 0, pusi 0, pri 0, pid 481, scr 0, afc 1, cc 7

TP 472: sync 47, tei 0, pusi 0, pri 0, pid 481, scr 0, afc 1, cc 8

TP 473: sync 47, tei 0, pusi 0, pri 0, pid 481, scr 0, afc 1, cc 9

TP 474: sync 47, tei 0, pusi 0, pri 0, pid 481, scr 0, afc 1, cc 10

TP 475: sync 47, tei 0, pusi 0, pri 0, pid 481, scr 0, afc 1, cc 11

TP 476: sync 47, tei 0, pusi 0, pri 0, pid 481, scr 0, afc 1, cc 12

TP 477: sync 47, tei 0, pusi 0, pri 0, pid 481, scr 0, afc 1, cc 13

TP 478: sync 47, tei 0, pusi 0, pri 0, pid 481, scr 0, afc 1, cc 14

TP 479: sync 47, tei 0, pusi 0, pri 0, pid 481, scr 0, afc 1, cc 15

TP 480: sync 47, tei 0, pusi 0, pri 0, pid 481, scr 0, afc 1, cc 0

TP 481: sync 47, tei 0, pusi 0, pri 0, pid 481, scr 0, afc 1, cc 1

TP 482: sync 47, tei 0, pusi 0, pri 0, pid 481, scr 0, afc 1, cc 2

TP 483: sync 47, tei 0, pusi 0, pri 0, pid 481, scr 0, afc 1, cc 3

TP 484: sync 47, tei 0, pusi 0, pri 0, pid 481, scr 0, afc 1, cc 4

TP 485: sync 47, tei 0, pusi 0, pri 0, pid 481, scr 0, afc 1, cc 5

TP 486: sync 47, tei 0, pusi 0, pri 0, pid 481, scr 0, afc 1, cc 6

TP 487: sync 47, tei 0, pusi 0, pri 0, pid 481, scr 0, afc 1, cc 7

TP 488: sync 47, tei 0, pusi 0, pri 0, pid 481, scr 0, afc 1, cc 8

TP 489: sync 47, tei 0, pusi 0, pri 0, pid 481, scr 0, afc 1, cc 9

TP 490: sync 47, tei 0, pusi 0, pri 0, pid 481, scr 0, afc 1, cc 10

TP 491: sync 47, tei 0, pusi 0, pri 0, pid 481, scr 0, afc 1, cc 11

TP 492: sync 47, tei 0, pusi 0, pri 0, pid 481, scr 0, afc 1, cc 12

TP 493: sync 47, tei 0, pusi 0, pri 0, pid 481, scr 0, afc 1, cc 13

TP 494: sync 47, tei 0, pusi 0, pri 0, pid 481, scr 0, afc 3, cc 14
  AF: sz 59

TP 495: sync 47, tei 0, pusi 1, pri 0, pid 481, scr 0, afc 3, cc 15
  AF: sz 7, PCR 00000439c:277

TP 496: sync 47, tei 0, pusi 0, pri 0, pid 481, scr 0, afc 1, cc 0

TP 497: sync 47, tei 0, pusi 0, pri 0, pid 481, scr 0, afc 1, cc 1

TP 498: sync 47, tei 0, pusi 0, pri 0, pid 481, scr 0, afc 1, cc 2

TP 499: sync 47, tei 0, pusi 0, pri 0, pid 481, scr 0, afc 1, cc 3

TP 500: sync 47, tei 0, pusi 0, pri 0, pid 481, scr 0, afc 1, cc 4

TP 501: sync 47, tei 0, pusi 0, pri 0, pid 481, scr 0, afc 1, cc 5

TP 502: sync 47, tei 0, pusi 0, pri 0, pid 481, scr 0, afc 1, cc 6

TP 503: sync 47, tei 0, pusi 0, pri 0, pid 481, scr 0, afc 1, cc 7

TP 504: sync 47, tei 0, pusi 0, pri 0, pid 481, scr 0, afc 1, cc 8

TP 505: sync 47, tei 0, pusi 0, pri 0, pid 481, scr 0, afc 1, cc 9

TP 506: sync 47, tei 0, pusi 0, pri 0, pid 481, scr 0, afc 1, cc 10

TP 507: sync 47, tei 0, pusi 0, pri 0, pid 481, scr 0, afc 1, cc 11

TP 508: sync 47, tei 0, pusi 0, pri 0, pid 481, scr 0, afc 1, cc 12

TP 509: sync 47, tei 0, pusi 0, pri 0, pid 481, scr 0, afc 1, cc 13

TP 510: sync 47, tei 0, pusi 0, pri 0, pid 481, scr 0, afc 1, cc 14

TP 511: sync 47, tei 0, pusi 0, pri 0, pid 481, scr 0, afc 1, cc 15

TP 512: sync 47, tei 0, pusi 0, pri 0, pid 481, scr 0, afc 1, cc 0

TP 513: sync 47, tei 0, pusi 0, pri 0, pid 481, scr 0, afc 1, cc 1

TP 514: sync 47, tei 0, pusi 0, pri 0, pid 481, scr 0, afc 1, cc 2

TP 515: sync 47, tei 0, pusi 1, pri 0, pid 0, scr 0, afc 1, cc 3

TP 516: sync 47, tei 0, pusi 1, pri 0, pid 500, scr 0, afc 1, cc 3

TP 517: sync 47, tei 0, pusi 0, pri 0, pid 481, scr 0, afc 1, cc 3

TP 518: sync 47, tei 0, pusi 0, pri 0, pid 481, scr 0, afc 1, cc 4

TP 519: sync 47, tei 0, pusi 0, pri 0, pid 481, scr 0, afc 1, cc 5

TP 520: sync 47, tei 0, pusi 0, pri 0, pid 481, scr 0, afc 1, cc 6

TP 521: sync 47, tei 0, pusi 0, pri 0, pid 481, scr 0, afc 1, cc 7

TP 522: sync 47, tei 0, pusi 0, pri 0, pid 481, scr 0, afc 1, cc 8

TP 523: sync 47, tei 0, pusi 0, pri 0, pid 481, scr 0, afc 1, cc 9

TP 524: sync 47, tei 0, pusi 0, pri 0, pid 481, scr 0, afc 1, cc 10

TP 525: sync 47, tei 0, pusi 0, pri 0, pid 481, scr 0, afc 1, cc 11

TP 526: sync 47, tei 0, pusi 0, pri 0, pid 481, scr 0, afc 1, cc 12

TP 527: sync 47, tei 0, pusi 0, pri 0, pid 481, scr 0, afc 1, cc 13

TP 528: sync 47, tei 0, pusi 0, pri 0, pid 481, scr 0, afc 1, cc 14

TP 529: sync 47, tei 0, pusi 0, pri 0, pid 481, scr 0, afc 1, cc 15

TP 530: sync 47, tei 0, pusi 0, pri 0, pid 481, scr 0, afc 1, cc 0

TP 531: sync 47, tei 0, pusi 0, pri 0, pid 481, scr 0, afc 1, cc 1

TP 532: sync 47, tei 0, pusi 0, pri 0, pid 481, scr 0, afc 1, cc 2

TP 533: sync 47, tei 0, pusi 0, pri 0, pid 481, scr 0, afc 1, cc 3

TP 534: sync 47, tei 0, pusi 0, pri 0, pid 481, scr 0, afc 1, cc 4

TP 535: sync 47, tei 0, pusi 0, pri 0, pid 481, scr 0, afc 1, cc 5

TP 536: sync 47, tei 0, pusi 0, pri 0, pid 481, scr 0, afc 1, cc 6

TP 537: sync 47, tei 0, pusi 0, pri 0, pid 481, scr 0, afc 1, cc 7

TP 538: sync 47, tei 0, pusi 0, pri 0, pid 481, scr 0, afc 1, cc 8

TP 539: sync 47, tei 0, pusi 0, pri 0, pid 481, scr 0, afc 1, cc 9

TP 540: sync 47, tei 0, pusi 0, pri 0, pid 481, scr 0, afc 1, cc 10

TP 541: sync 47, tei 0, pusi 0, pri 0, pid 481, scr 0, afc 3, cc 11
  AF: sz 59

TP 542: sync 47, tei 0, pusi 1, pri 0, pid 481, scr 0, afc 3, cc 12
  AF: sz 7, PCR 000004a0b:217

TP 543: sync 47, tei 0, pusi 0, pri 0, pid 481, scr 0, afc 1, cc 13

TP 544: sync 47, tei 0, pusi 0, pri 0, pid 481, scr 0, afc 3, cc 14
  AF: sz 83

TP 545: sync 47, tei 0, pusi 1, pri 0, pid 481, scr 0, afc 3, cc 15
  AF: sz 7, PCR 000004a74:252

TP 546: sync 47, tei 0, pusi 0, pri 0, pid 481, scr 0, afc 1, cc 0

TP 547: sync 47, tei 0, pusi 0, pri 0, pid 481, scr 0, afc 1, cc 1

TP 548: sync 47, tei 0, pusi 0, pri 0, pid 481, scr 0, afc 1, cc 2

TP 549: sync 47, tei 0, pusi 0, pri 0, pid 481, scr 0, afc 1, cc 3

TP 550: sync 47, tei 0, pusi 0, pri 0, pid 481, scr 0, afc 1, cc 4

TP 551: sync 47, tei 0, pusi 0, pri 0, pid 481, scr 0, afc 1, cc 5

TP 552: sync 47, tei 0, pusi 0, pri 0, pid 481, scr 0, afc 1, cc 6

TP 553: sync 47, tei 0, pusi 0, pri 0, pid 481, scr 0, afc 1, cc 7

TP 554: sync 47, tei 0, pusi 0, pri 0, pid 481, scr 0, afc 1, cc 8

TP 555: sync 47, tei 0, pusi 0, pri 0, pid 481, scr 0, afc 1, cc 9

TP 556: sync 47, tei 0, pusi 0, pri 0, pid 481, scr 0, afc 1, cc 10

TP 557: sync 47, tei 0, pusi 0, pri 0, pid 481, scr 0, afc 1, cc 11

TP 558: sync 47, tei 0, pusi 0, pri 0, pid 481, scr 0, afc 1, cc 12

TP 559: sync 47, tei 0, pusi 0, pri 0, pid 481, scr 0, afc 1, cc 13

TP 560: sync 47, tei 0, pusi 0, pri 0, pid 481, scr 0, afc 1, cc 14

TP 561: sync 47, tei 0, pusi 0, pri 0, pid 481, scr 0, afc 1, cc 15

TP 562: sync 47, tei 0, pusi 0, pri 0, pid 481, scr 0, afc 1, cc 0

TP 563: sync 47, tei 0, pusi 0, pri 0, pid 481, scr 0, afc 1, cc 1

TP 564: sync 47, tei 0, pusi 0, pri 0, pid 481, scr 0, afc 1, cc 2

TP 565: sync 47, tei 0, pusi 0, pri 0, pid 481, scr 0, afc 1, cc 3

TP 566: sync 47, tei 0, pusi 0, pri 0, pid 481, scr 0, afc 1, cc 4

TP 567: sync 47, tei 0, pusi 0, pri 0, pid 481, scr 0, afc 1, cc 5

TP 568: sync 47, tei 0, pusi 0, pri 0, pid 481, scr 0, afc 1, cc 6

TP 569: sync 47, tei 0, pusi 0, pri 0, pid 481, scr 0, afc 1, cc 7

TP 570: sync 47, tei 0, pusi 0, pri 0, pid 481, scr 0, afc 1, cc 8

TP 571: sync 47, tei 0, pusi 0, pri 0, pid 481, scr 0, afc 1, cc 9

TP 572: sync 47, tei 0, pusi 0, pri 0, pid 481, scr 0, afc 1, cc 10

TP 573: sync 47, tei 0, pusi 0, pri 0, pid 481, scr 0, afc 1, cc 11

TP 574: sync 47, tei 0, pusi 0, pri 0, pid 481, scr 0, afc 1, cc 12

TP 575: sync 47, tei 0, pusi 0, pri 0, pid 481, scr 0, afc 1, cc 13

TP 576: sync 47, tei 0, pusi 0, pri 0, pid 481, scr 0, afc 1, cc 14

TP 577: sync 47, tei 0, pusi 0, pri 0, pid 481, scr 0, afc 1, cc 15

TP 578: sync 47, tei 0, pusi 0, pri 0, pid 481, scr 0, afc 1, cc 0

TP 579: sync 47, tei 0, pusi 0, pri 0, pid 481, scr 0, afc 1, cc 1

TP 580: sync 47, tei 0, pusi 0, pri 0, pid 481, scr 0, afc 1, cc 2

TP 581: sync 47, tei 0, pusi 0, pri 0, pid 481, scr 0, afc 1, cc 3

TP 582: sync 47, tei 0, pusi 0, pri 0, pid 481, scr 0, afc 1, cc 4

TP 583: sync 47, tei 0, pusi 0, pri 0, pid 481, scr 0, afc 1, cc 5

TP 584: sync 47, tei 0, pusi 0, pri 0, pid 481, scr 0, afc 1, cc 6

TP 585: sync 47, tei 0, pusi 0, pri 0, pid 481, scr 0, afc 1, cc 7

TP 586: sync 47, tei 0, pusi 0, pri 0, pid 481, scr 0, afc 1, cc 8

TP 587: sync 47, tei 0, pusi 0, pri 0, pid 481, scr 0, afc 1, cc 9

TP 588: sync 47, tei 0, pusi 0, pri 0, pid 481, scr 0, afc 1, cc 10

TP 589: sync 47, tei 0, pusi 0, pri 0, pid 481, scr 0, afc 3, cc 11
  AF: sz 59

TP 590: sync 47, tei 0, pusi 1, pri 0, pid 481, scr 0, afc 3, cc 12
  AF: sz 7, PCR 00000509d:169

TP 591: sync 47, tei 0, pusi 0, pri 0, pid 481, scr 0, afc 1, cc 13

TP 592: sync 47, tei 0, pusi 0, pri 0, pid 481, scr 0, afc 1, cc 14

TP 593: sync 47, tei 0, pusi 0, pri 0, pid 481, scr 0, afc 1, cc 15

TP 594: sync 47, tei 0, pusi 0, pri 0, pid 481, scr 0, afc 1, cc 0

TP 595: sync 47, tei 0, pusi 0, pri 0, pid 481, scr 0, afc 3, cc 1
  AF: sz 179

TP 596: sync 47, tei 0, pusi 1, pri 0, pid 481, scr 0, afc 3, cc 2
  AF: sz 7, PCR 00000516f:238

TP 597: sync 47, tei 0, pusi 0, pri 0, pid 481, scr 0, afc 1, cc 3

TP 598: sync 47, tei 0, pusi 0, pri 0, pid 481, scr 0, afc 1, cc 4

TP 599: sync 47, tei 0, pusi 0, pri 0, pid 481, scr 0, afc 1, cc 5

TP 600: sync 47, tei 0, pusi 0, pri 0, pid 481, scr 0, afc 1, cc 6

TP 601: sync 47, tei 0, pusi 0, pri 0, pid 481, scr 0, afc 1, cc 7

TP 602: sync 47, tei 0, pusi 0, pri 0, pid 481, scr 0, afc 1, cc 8

TP 603: sync 47, tei 0, pusi 0, pri 0, pid 481, scr 0, afc 1, cc 9

TP 604: sync 47, tei 0, pusi 0, pri 0, pid 481, scr 0, afc 1, cc 10

TP 605: sync 47, tei 0, pusi 0, pri 0, pid 481, scr 0, afc 1, cc 11

TP 606: sync 47, tei 0, pusi 0, pri 0, pid 481, scr 0, afc 1, cc 12

TP 607: sync 47, tei 0, pusi 0, pri 0, pid 481, scr 0, afc 1, cc 13

TP 608: sync 47, tei 0, pusi 0, pri 0, pid 481, scr 0, afc 1, cc 14

TP 609: sync 47, tei 0, pusi 0, pri 0, pid 481, scr 0, afc 1, cc 15

TP 610: sync 47, tei 0, pusi 0, pri 0, pid 481, scr 0, afc 1, cc 0

TP 611: sync 47, tei 0, pusi 0, pri 0, pid 481, scr 0, afc 1, cc 1

TP 612: sync 47, tei 0, pusi 0, pri 0, pid 481, scr 0, afc 1, cc 2

TP 613: sync 47, tei 0, pusi 0, pri 0, pid 481, scr 0, afc 1, cc 3

TP 614: sync 47, tei 0, pusi 0, pri 0, pid 481, scr 0, afc 1, cc 4

TP 615: sync 47, tei 0, pusi 0, pri 0, pid 481, scr 0, afc 1, cc 5

TP 616: sync 47, tei 0, pusi 0, pri 0, pid 481, scr 0, afc 1, cc 6

TP 617: sync 47, tei 0, pusi 0, pri 0, pid 481, scr 0, afc 1, cc 7

TP 618: sync 47, tei 0, pusi 0, pri 0, pid 481, scr 0, afc 1, cc 8

TP 619: sync 47, tei 0, pusi 0, pri 0, pid 481, scr 0, afc 1, cc 9

TP 620: sync 47, tei 0, pusi 0, pri 0, pid 481, scr 0, afc 1, cc 10

TP 621: sync 47, tei 0, pusi 0, pri 0, pid 481, scr 0, afc 1, cc 11

TP 622: sync 47, tei 0, pusi 0, pri 0, pid 481, scr 0, afc 1, cc 12

TP 623: sync 47, tei 0, pusi 0, pri 0, pid 481, scr 0, afc 1, cc 13

TP 624: sync 47, tei 0, pusi 0, pri 0, pid 481, scr 0, afc 1, cc 14

TP 625: sync 47, tei 0, pusi 0, pri 0, pid 481, scr 0, afc 1, cc 15

TP 626: sync 47, tei 0, pusi 0, pri 0, pid 481, scr 0, afc 1, cc 0

TP 627: sync 47, tei 0, pusi 0, pri 0, pid 481, scr 0, afc 1, cc 1

TP 628: sync 47, tei 0, pusi 0, pri 0, pid 481, scr 0, afc 1, cc 2

TP 629: sync 47, tei 0, pusi 0, pri 0, pid 481, scr 0, afc 1, cc 3

TP 630: sync 47, tei 0, pusi 0, pri 0, pid 481, scr 0, afc 1, cc 4

TP 631: sync 47, tei 0, pusi 0, pri 0, pid 481, scr 0, afc 1, cc 5

TP 632: sync 47, tei 0, pusi 0, pri 0, pid 481, scr 0, afc 1, cc 6

TP 633: sync 47, tei 0, pusi 0, pri 0, pid 481, scr 0, afc 1, cc 7

TP 634: sync 47, tei 0, pusi 0, pri 0, pid 481, scr 0, afc 1, cc 8

TP 635: sync 47, tei 0, pusi 0, pri 0, pid 481, scr 0, afc 1, cc 9

TP 636: sync 47, tei 0, pusi 0, pri 0, pid 481, scr 0, afc 1, cc 10

TP 637: sync 47, tei 0, pusi 0, pri 0, pid 481, scr 0, afc 1, cc 11

TP 638: sync 47, tei 0, pusi 0, pri 0, pid 481, scr 0, afc 1, cc 12

TP 639: sync 47, tei 0, pusi 0, pri 0, pid 481, scr 0, afc 1, cc 13

TP 640: sync 47, tei 0, pusi 0, pri 0, pid 481, scr 0, afc 3, cc 14
  AF: sz 59

TP 641: sync 47, tei 0, pusi 1, pri 0, pid 481, scr 0, afc 3, cc 15
  AF: sz 7, PCR 000005798:155

TP 642: sync 47, tei 0, pusi 0, pri 0, pid 481, scr 0, afc 1, cc 0

TP 643: sync 47, tei 0, pusi 0, pri 0, pid 481, scr 0, afc 1, cc 1

TP 644: sync 47, tei 0, pusi 0, pri 0, pid 481, scr 0, afc 1, cc 2

TP 645: sync 47, tei 0, pusi 0, pri 0, pid 481, scr 0, afc 1, cc 3

TP 646: sync 47, tei 0, pusi 0, pri 0, pid 481, scr 0, afc 1, cc 4

TP 647: sync 47, tei 0, pusi 0, pri 0, pid 481, scr 0, afc 1, cc 5

TP 648: sync 47, tei 0, pusi 0, pri 0, pid 481, scr 0, afc 1, cc 6

TP 649: sync 47, tei 0, pusi 0, pri 0, pid 481, scr 0, afc 1, cc 7

TP 650: sync 47, tei 0, pusi 0, pri 0, pid 481, scr 0, afc 1, cc 8

TP 651: sync 47, tei 0, pusi 0, pri 0, pid 481, scr 0, afc 1, cc 9

TP 652: sync 47, tei 0, pusi 0, pri 0, pid 481, scr 0, afc 1, cc 10

TP 653: sync 47, tei 0, pusi 0, pri 0, pid 481, scr 0, afc 1, cc 11

TP 654: sync 47, tei 0, pusi 0, pri 0, pid 481, scr 0, afc 1, cc 12

TP 655: sync 47, tei 0, pusi 0, pri 0, pid 481, scr 0, afc 1, cc 13

TP 656: sync 47, tei 0, pusi 0, pri 0, pid 481, scr 0, afc 1, cc 14

TP 657: sync 47, tei 0, pusi 0, pri 0, pid 481, scr 0, afc 1, cc 15

TP 658: sync 47, tei 0, pusi 0, pri 0, pid 481, scr 0, afc 1, cc 0

TP 659: sync 47, tei 0, pusi 0, pri 0, pid 481, scr 0, afc 3, cc 1
  AF: sz 35

TP 660: sync 47, tei 0, pusi 1, pri 0, pid 481, scr 0, afc 3, cc 2
  AF: sz 7, PCR 000005a32:73

TP 661: sync 47, tei 0, pusi 0, pri 0, pid 481, scr 0, afc 1, cc 3

TP 662: sync 47, tei 0, pusi 0, pri 0, pid 481, scr 0, afc 1, cc 4

TP 663: sync 47, tei 0, pusi 0, pri 0, pid 481, scr 0, afc 1, cc 5

TP 664: sync 47, tei 0, pusi 0, pri 0, pid 481, scr 0, afc 1, cc 6

TP 665: sync 47, tei 0, pusi 0, pri 0, pid 481, scr 0, afc 1, cc 7

TP 666: sync 47, tei 0, pusi 0, pri 0, pid 481, scr 0, afc 1, cc 8

TP 667: sync 47, tei 0, pusi 0, pri 0, pid 481, scr 0, afc 1, cc 9

TP 668: sync 47, tei 0, pusi 0, pri 0, pid 481, scr 0, afc 1, cc 10

TP 669: sync 47, tei 0, pusi 0, pri 0, pid 481, scr 0, afc 1, cc 11

TP 670: sync 47, tei 0, pusi 0, pri 0, pid 481, scr 0, afc 1, cc 12

TP 671: sync 47, tei 0, pusi 0, pri 0, pid 481, scr 0, afc 1, cc 13

TP 672: sync 47, tei 0, pusi 0, pri 0, pid 481, scr 0, afc 1, cc 14

TP 673: sync 47, tei 0, pusi 0, pri 0, pid 481, scr 0, afc 1, cc 15

TP 674: sync 47, tei 0, pusi 0, pri 0, pid 481, scr 0, afc 1, cc 0

TP 675: sync 47, tei 0, pusi 0, pri 0, pid 481, scr 0, afc 1, cc 1

TP 676: sync 47, tei 0, pusi 0, pri 0, pid 481, scr 0, afc 1, cc 2

TP 677: sync 47, tei 0, pusi 0, pri 0, pid 481, scr 0, afc 1, cc 3

TP 678: sync 47, tei 0, pusi 0, pri 0, pid 481, scr 0, afc 1, cc 4

TP 679: sync 47, tei 0, pusi 0, pri 0, pid 481, scr 0, afc 1, cc 5

TP 680: sync 47, tei 0, pusi 0, pri 0, pid 481, scr 0, afc 1, cc 6

TP 681: sync 47, tei 0, pusi 0, pri 0, pid 481, scr 0, afc 1, cc 7

TP 682: sync 47, tei 0, pusi 0, pri 0, pid 481, scr 0, afc 1, cc 8

TP 683: sync 47, tei 0, pusi 0, pri 0, pid 481, scr 0, afc 1, cc 9

TP 684: sync 47, tei 0, pusi 0, pri 0, pid 481, scr 0, afc 1, cc 10

TP 685: sync 47, tei 0, pusi 0, pri 0, pid 481, scr 0, afc 1, cc 11

TP 686: sync 47, tei 0, pusi 0, pri 0, pid 481, scr 0, afc 1, cc 12

TP 687: sync 47, tei 0, pusi 0, pri 0, pid 481, scr 0, afc 1, cc 13

TP 688: sync 47, tei 0, pusi 0, pri 0, pid 481, scr 0, afc 1, cc 14

TP 689: sync 47, tei 0, pusi 0, pri 0, pid 481, scr 0, afc 1, cc 15

TP 690: sync 47, tei 0, pusi 0, pri 0, pid 481, scr 0, afc 1, cc 0

TP 691: sync 47, tei 0, pusi 0, pri 0, pid 481, scr 0, afc 1, cc 1

TP 692: sync 47, tei 0, pusi 0, pri 0, pid 481, scr 0, afc 1, cc 2

TP 693: sync 47, tei 0, pusi 0, pri 0, pid 481, scr 0, afc 1, cc 3

TP 694: sync 47, tei 0, pusi 0, pri 0, pid 481, scr 0, afc 1, cc 4

TP 695: sync 47, tei 0, pusi 0, pri 0, pid 481, scr 0, afc 1, cc 5

TP 696: sync 47, tei 0, pusi 0, pri 0, pid 481, scr 0, afc 1, cc 6

TP 697: sync 47, tei 0, pusi 0, pri 0, pid 481, scr 0, afc 1, cc 7

TP 698: sync 47, tei 0, pusi 0, pri 0, pid 481, scr 0, afc 1, cc 8

TP 699: sync 47, tei 0, pusi 0, pri 0, pid 481, scr 0, afc 1, cc 9

TP 700: sync 47, tei 0, pusi 0, pri 0, pid 481, scr 0, afc 1, cc 10

TP 701: sync 47, tei 0, pusi 0, pri 0, pid 481, scr 0, afc 1, cc 11

TP 702: sync 47, tei 0, pusi 0, pri 0, pid 481, scr 0, afc 1, cc 12

TP 703: sync 47, tei 0, pusi 0, pri 0, pid 481, scr 0, afc 1, cc 13

TP 704: sync 47, tei 0, pusi 0, pri 0, pid 481, scr 0, afc 3, cc 14
  AF: sz 59

TP 705: sync 47, tei 0, pusi 1, pri 0, pid 481, scr 0, afc 3, cc 15
  AF: sz 7, PCR 00000605a:291

TP 706: sync 47, tei 0, pusi 0, pri 0, pid 481, scr 0, afc 1, cc 0

TP 707: sync 47, tei 0, pusi 0, pri 0, pid 481, scr 0, afc 1, cc 1

TP 708: sync 47, tei 0, pusi 0, pri 0, pid 481, scr 0, afc 1, cc 2

TP 709: sync 47, tei 0, pusi 0, pri 0, pid 481, scr 0, afc 1, cc 3

TP 710: sync 47, tei 0, pusi 0, pri 0, pid 481, scr 0, afc 1, cc 4

TP 711: sync 47, tei 0, pusi 0, pri 0, pid 481, scr 0, afc 1, cc 5

TP 712: sync 47, tei 0, pusi 0, pri 0, pid 481, scr 0, afc 1, cc 6

TP 713: sync 47, tei 0, pusi 0, pri 0, pid 481, scr 0, afc 1, cc 7

TP 714: sync 47, tei 0, pusi 0, pri 0, pid 481, scr 0, afc 1, cc 8

TP 715: sync 47, tei 0, pusi 0, pri 0, pid 481, scr 0, afc 1, cc 9

TP 716: sync 47, tei 0, pusi 0, pri 0, pid 481, scr 0, afc 1, cc 10

TP 717: sync 47, tei 0, pusi 0, pri 0, pid 481, scr 0, afc 1, cc 11

TP 718: sync 47, tei 0, pusi 0, pri 0, pid 481, scr 0, afc 1, cc 12

TP 719: sync 47, tei 0, pusi 0, pri 0, pid 481, scr 0, afc 1, cc 13

TP 720: sync 47, tei 0, pusi 0, pri 0, pid 481, scr 0, afc 1, cc 14

TP 721: sync 47, tei 0, pusi 0, pri 0, pid 481, scr 0, afc 1, cc 15

TP 722: sync 47, tei 0, pusi 0, pri 0, pid 481, scr 0, afc 1, cc 0

TP 723: sync 47, tei 0, pusi 0, pri 0, pid 481, scr 0, afc 1, cc 1

TP 724: sync 47, tei 0, pusi 0, pri 0, pid 481, scr 0, afc 1, cc 2

TP 725: sync 47, tei 0, pusi 0, pri 0, pid 481, scr 0, afc 1, cc 3

TP 726: sync 47, tei 0, pusi 0, pri 0, pid 481, scr 0, afc 1, cc 4

TP 727: sync 47, tei 0, pusi 0, pri 0, pid 481, scr 0, afc 1, cc 5

TP 728: sync 47, tei 0, pusi 0, pri 0, pid 481, scr 0, afc 1, cc 6

TP 729: sync 47, tei 0, pusi 0, pri 0, pid 481, scr 0, afc 1, cc 7

TP 730: sync 47, tei 0, pusi 0, pri 0, pid 481, scr 0, afc 1, cc 8

TP 731: sync 47, tei 0, pusi 0, pri 0, pid 481, scr 0, afc 1, cc 9

TP 732: sync 47, tei 0, pusi 0, pri 0, pid 481, scr 0, afc 1, cc 10

TP 733: sync 47, tei 0, pusi 0, pri 0, pid 481, scr 0, afc 1, cc 11

TP 734: sync 47, tei 0, pusi 0, pri 0, pid 481, scr 0, afc 1, cc 12

TP 735: sync 47, tei 0, pusi 0, pri 0, pid 481, scr 0, afc 1, cc 13

TP 736: sync 47, tei 0, pusi 0, pri 0, pid 481, scr 0, afc 1, cc 14

TP 737: sync 47, tei 0, pusi 0, pri 0, pid 481, scr 0, afc 1, cc 15

TP 738: sync 47, tei 0, pusi 0, pri 0, pid 481, scr 0, afc 1, cc 0

TP 739: sync 47, tei 0, pusi 0, pri 0, pid 481, scr 0, afc 1, cc 1

TP 740: sync 47, tei 0, pusi 0, pri 0, pid 481, scr 0, afc 1, cc 2

TP 741: sync 47, tei 0, pusi 0, pri 0, pid 481, scr 0, afc 1, cc 3

TP 742: sync 47, tei 0, pusi 0, pri 0, pid 481, scr 0, afc 1, cc 4

TP 743: sync 47, tei 0, pusi 0, pri 0, pid 481, scr 0, afc 1, cc 5

TP 744: sync 47, tei 0, pusi 0, pri 0, pid 481, scr 0, afc 3, cc 6
  AF: sz 43

TP 745: sync 47, tei 0, pusi 1, pri 0, pid 481, scr 0, afc 3, cc 7
  AF: sz 7, PCR 0000065d4:150

TP 746: sync 47, tei 0, pusi 0, pri 0, pid 481, scr 0, afc 1, cc 8

TP 747: sync 47, tei 0, pusi 0, pri 0, pid 481, scr 0, afc 1, cc 9

TP 748: sync 47, tei 0, pusi 0, pri 0, pid 481, scr 0, afc 1, cc 10

TP 749: sync 47, tei 0, pusi 0, pri 0, pid 481, scr 0, afc 1, cc 11

TP 750: sync 47, tei 0, pusi 0, pri 0, pid 481, scr 0, afc 1, cc 12

TP 751: sync 47, tei 0, pusi 0, pri 0, pid 481, scr 0, afc 1, cc 13

TP 752: sync 47, tei 0, pusi 0, pri 0, pid 481, scr 0, afc 1, cc 14

TP 753: sync 47, tei 0, pusi 0, pri 0, pid 481, scr 0, afc 1, cc 15

TP 754: sync 47, tei 0, pusi 0, pri 0, pid 481, scr 0, afc 1, cc 0

TP 755: sync 47, tei 0, pusi 0, pri 0, pid 481, scr 0, afc 1, cc 1

TP 756: sync 47, tei 0, pusi 0, pri 0, pid 481, scr 0, afc 1, cc 2

TP 757: sync 47, tei 0, pusi 0, pri 0, pid 481, scr 0, afc 1, cc 3

TP 758: sync 47, tei 0, pusi 0, pri 0, pid 481, scr 0, afc 1, cc 4

TP 759: sync 47, tei 0, pusi 0, pri 0, pid 481, scr 0, afc 1, cc 5

TP 760: sync 47, tei 0, pusi 0, pri 0, pid 481, scr 0, afc 1, cc 6

TP 761: sync 47, tei 0, pusi 0, pri 0, pid 481, scr 0, afc 1, cc 7

TP 762: sync 47, tei 0, pusi 0, pri 0, pid 481, scr 0, afc 1, cc 8

TP 763: sync 47, tei 0, pusi 0, pri 0, pid 481, scr 0, afc 1, cc 9

TP 764: sync 47, tei 0, pusi 0, pri 0, pid 481, scr 0, afc 1, cc 10

TP 765: sync 47, tei 0, pusi 0, pri 0, pid 481, scr 0, afc 1, cc 11

TP 766: sync 47, tei 0, pusi 0, pri 0, pid 481, scr 0, afc 1, cc 12

TP 767: sync 47, tei 0, pusi 0, pri 0, pid 481, scr 0, afc 1, cc 13

TP 768: sync 47, tei 0, pusi 0, pri 0, pid 481, scr 0, afc 1, cc 14

TP 769: sync 47, tei 0, pusi 0, pri 0, pid 481, scr 0, afc 1, cc 15

TP 770: sync 47, tei 0, pusi 0, pri 0, pid 481, scr 0, afc 1, cc 0

TP 771: sync 47, tei 0, pusi 0, pri 0, pid 481, scr 0, afc 1, cc 1

TP 772: sync 47, tei 0, pusi 1, pri 0, pid 0, scr 0, afc 1, cc 4

TP 773: sync 47, tei 0, pusi 1, pri 0, pid 500, scr 0, afc 1, cc 4

TP 774: sync 47, tei 0, pusi 0, pri 0, pid 481, scr 0, afc 1, cc 2

TP 775: sync 47, tei 0, pusi 0, pri 0, pid 481, scr 0, afc 1, cc 3

TP 776: sync 47, tei 0, pusi 0, pri 0, pid 481, scr 0, afc 1, cc 4

TP 777: sync 47, tei 0, pusi 0, pri 0, pid 481, scr 0, afc 1, cc 5

TP 778: sync 47, tei 0, pusi 0, pri 0, pid 481, scr 0, afc 1, cc 6

TP 779: sync 47, tei 0, pusi 0, pri 0, pid 481, scr 0, afc 1, cc 7

TP 780: sync 47, tei 0, pusi 0, pri 0, pid 481, scr 0, afc 1, cc 8

TP 781: sync 47, tei 0, pusi 0, pri 0, pid 481, scr 0, afc 1, cc 9

TP 782: sync 47, tei 0, pusi 0, pri 0, pid 481, scr 0, afc 1, cc 10

TP 783: sync 47, tei 0, pusi 0, pri 0, pid 481, scr 0, afc 1, cc 11

TP 784: sync 47, tei 0, pusi 0, pri 0, pid 481, scr 0, afc 1, cc 12

TP 785: sync 47, tei 0, pusi 0, pri 0, pid 481, scr 0, afc 1, cc 13

TP 786: sync 47, tei 0, pusi 0, pri 0, pid 481, scr 0, afc 1, cc 14

TP 787: sync 47, tei 0, pusi 0, pri 0, pid 481, scr 0, afc 1, cc 15

TP 788: sync 47, tei 0, pusi 0, pri 0, pid 481, scr 0, afc 1, cc 0

TP 789: sync 47, tei 0, pusi 0, pri 0, pid 481, scr 0, afc 1, cc 1

TP 790: sync 47, tei 0, pusi 0, pri 0, pid 481, scr 0, afc 1, cc 2

TP 791: sync 47, tei 0, pusi 0, pri 0, pid 481, scr 0, afc 3, cc 3
  AF: sz 59

TP 792: sync 47, tei 0, pusi 1, pri 0, pid 481, scr 0, afc 3, cc 4
  AF: sz 7, PCR 000006c43:91

TP 793: sync 47, tei 0, pusi 0, pri 0, pid 481, scr 0, afc 1, cc 5

TP 794: sync 47, tei 0, pusi 0, pri 0, pid 481, scr 0, afc 1, cc 6

TP 795: sync 47, tei 0, pusi 0, pri 0, pid 481, scr 0, afc 1, cc 7

TP 796: sync 47, tei 0, pusi 0, pri 0, pid 481, scr 0, afc 1, cc 8

TP 797: sync 47, tei 0, pusi 0, pri 0, pid 481, scr 0, afc 1, cc 9

TP 798: sync 47, tei 0, pusi 0, pri 0, pid 481, scr 0, afc 1, cc 10

TP 799: sync 47, tei 0, pusi 0, pri 0, pid 481, scr 0, afc 3, cc 11
  AF: sz 91

TP 800: sync 47, tei 0, pusi 1, pri 0, pid 481, scr 0, afc 3, cc 12
  AF: sz 7, PCR 000006d5b:182

TP 801: sync 47, tei 0, pusi 0, pri 0, pid 481, scr 0, afc 1, cc 13

TP 802: sync 47, tei 0, pusi 0, pri 0, pid 481, scr 0, afc 1, cc 14

TP 803: sync 47, tei 0, pusi 0, pri 0, pid 481, scr 0, afc 1, cc 15

TP 804: sync 47, tei 0, pusi 0, pri 0, pid 481, scr 0, afc 1, cc 0

TP 805: sync 47, tei 0, pusi 0, pri 0, pid 481, scr 0, afc 1, cc 1

TP 806: sync 47, tei 0, pusi 0, pri 0, pid 481, scr 0, afc 1, cc 2

TP 807: sync 47, tei 0, pusi 0, pri 0, pid 481, scr 0, afc 1, cc 3

TP 808: sync 47, tei 0, pusi 0, pri 0, pid 481, scr 0, afc 1, cc 4

TP 809: sync 47, tei 0, pusi 0, pri 0, pid 481, scr 0, afc 1, cc 5

TP 810: sync 47, tei 0, pusi 0, pri 0, pid 481, scr 0, afc 1, cc 6

TP 811: sync 47, tei 0, pusi 0, pri 0, pid 481, scr 0, afc 1, cc 7

TP 812: sync 47, tei 0, pusi 0, pri 0, pid 481, scr 0, afc 1, cc 8

TP 813: sync 47, tei 0, pusi 0, pri 0, pid 481, scr 0, afc 1, cc 9

TP 814: sync 47, tei 0, pusi 0, pri 0, pid 481, scr 0, afc 1, cc 10

TP 815: sync 47, tei 0, pusi 0, pri 0, pid 481, scr 0, afc 1, cc 11

TP 816: sync 47, tei 0, pusi 0, pri 0, pid 481, scr 0, afc 1, cc 12

TP 817: sync 47, tei 0, pusi 0, pri 0, pid 481, scr 0, afc 1, cc 13

TP 818: sync 47, tei 0, pusi 0, pri 0, pid 481, scr 0, afc 1, cc 14

TP 819: sync 47, tei 0, pusi 0, pri 0, pid 481, scr 0, afc 1, cc 15

TP 820: sync 47, tei 0, pusi 0, pri 0, pid 481, scr 0, afc 1, cc 0

TP 821: sync 47, tei 0, pusi 0, pri 0, pid 481, scr 0, afc 1, cc 1

TP 822: sync 47, tei 0, pusi 0, pri 0, pid 481, scr 0, afc 1, cc 2

TP 823: sync 47, tei 0, pusi 0, pri 0, pid 481, scr 0, afc 1, cc 3

TP 824: sync 47, tei 0, pusi 0, pri 0, pid 481, scr 0, afc 1, cc 4

TP 825: sync 47, tei 0, pusi 0, pri 0, pid 481, scr 0, afc 1, cc 5

TP 826: sync 47, tei 0, pusi 0, pri 0, pid 481, scr 0, afc 1, cc 6

TP 827: sync 47, tei 0, pusi 0, pri 0, pid 481, scr 0, afc 1, cc 7

TP 828: sync 47, tei 0, pusi 0, pri 0, pid 481, scr 0, afc 1, cc 8

TP 829: sync 47, tei 0, pusi 0, pri 0, pid 481, scr 0, afc 1, cc 9

TP 830: sync 47, tei 0, pusi 0, pri 0, pid 481, scr 0, afc 1, cc 10

TP 831: sync 47, tei 0, pusi 0, pri 0, pid 481, scr 0, afc 1, cc 11

TP 832: sync 47, tei 0, pusi 0, pri 0, pid 481, scr 0, afc 1, cc 12

TP 833: sync 47, tei 0, pusi 0, pri 0, pid 481, scr 0, afc 1, cc 13

TP 834: sync 47, tei 0, pusi 0, pri 0, pid 481, scr 0, afc 1, cc 14

TP 835: sync 47, tei 0, pusi 0, pri 0, pid 481, scr 0, afc 1, cc 15

TP 836: sync 47, tei 0, pusi 0, pri 0, pid 481, scr 0, afc 1, cc 0

TP 837: sync 47, tei 0, pusi 0, pri 0, pid 481, scr 0, afc 1, cc 1

TP 838: sync 47, tei 0, pusi 0, pri 0, pid 481, scr 0, afc 1, cc 2

TP 839: sync 47, tei 0, pusi 0, pri 0, pid 481, scr 0, afc 1, cc 3

TP 840: sync 47, tei 0, pusi 0, pri 0, pid 481, scr 0, afc 1, cc 4

TP 841: sync 47, tei 0, pusi 0, pri 0, pid 481, scr 0, afc 1, cc 5

TP 842: sync 47, tei 0, pusi 0, pri 0, pid 481, scr 0, afc 1, cc 6

TP 843: sync 47, tei 0, pusi 0, pri 0, pid 481, scr 0, afc 1, cc 7

TP 844: sync 47, tei 0, pusi 0, pri 0, pid 481, scr 0, afc 3, cc 8
  AF: sz 59

TP 845: sync 47, tei 0, pusi 1, pri 0, pid 481, scr 0, afc 3, cc 9
  AF: sz 7, PCR 000007384:100

TP 846: sync 47, tei 0, pusi 0, pri 0, pid 481, scr 0, afc 1, cc 10

TP 847: sync 47, tei 0, pusi 0, pri 0, pid 481, scr 0, afc 1, cc 11

TP 848: sync 47, tei 0, pusi 0, pri 0, pid 481, scr 0, afc 1, cc 12

TP 849: sync 47, tei 0, pusi 0, pri 0, pid 481, scr 0, afc 1, cc 13

TP 850: sync 47, tei 0, pusi 0, pri 0, pid 481, scr 0, afc 1, cc 14

TP 851: sync 47, tei 0, pusi 0, pri 0, pid 481, scr 0, afc 1, cc 15

TP 852: sync 47, tei 0, pusi 0, pri 0, pid 481, scr 0, afc 1, cc 0

TP 853: sync 47, tei 0, pusi 0, pri 0, pid 481, scr 0, afc 1, cc 1

TP 854: sync 47, tei 0, pusi 0, pri 0, pid 481, scr 0, afc 1, cc 2

TP 855: sync 47, tei 0, pusi 0, pri 0, pid 481, scr 0, afc 1, cc 3

TP 856: sync 47, tei 0, pusi 0, pri 0, pid 481, scr 0, afc 1, cc 4

TP 857: sync 47, tei 0, pusi 0, pri 0, pid 481, scr 0, afc 1, cc 5

TP 858: sync 47, tei 0, pusi 0, pri 0, pid 481, scr 0, afc 1, cc 6

TP 859: sync 47, tei 0, pusi 0, pri 0, pid 481, scr 0, afc 1, cc 7

TP 860: sync 47, tei 0, pusi 0, pri 0, pid 481, scr 0, afc 1, cc 8

TP 861: sync 47, tei 0, pusi 0, pri 0, pid 481, scr 0, afc 1, cc 9

TP 862: sync 47, tei 0, pusi 0, pri 0, pid 481, scr 0, afc 1, cc 10

TP 863: sync 47, tei 0, pusi 0, pri 0, pid 481, scr 0, afc 1, cc 11

TP 864: sync 47, tei 0, pusi 0, pri 0, pid 481, scr 0, afc 1, cc 12

TP 865: sync 47, tei 0, pusi 0, pri 0, pid 481, scr 0, afc 1, cc 13

TP 866: sync 47, tei 0, pusi 0, pri 0, pid 481, scr 0, afc 1, cc 14

TP 867: sync 47, tei 0, pusi 0, pri 0, pid 481, scr 0, afc 1, cc 15

TP 868: sync 47, tei 0, pusi 0, pri 0, pid 481, scr 0, afc 3, cc 0
  AF: sz 67

TP 869: sync 47, tei 0, pusi 1, pri 0, pid 481, scr 0, afc 3, cc 1
  AF: sz 7, PCR 0000076cd:75

TP 870: sync 47, tei 0, pusi 0, pri 0, pid 481, scr 0, afc 1, cc 2

TP 871: sync 47, tei 0, pusi 0, pri 0, pid 481, scr 0, afc 1, cc 3

TP 872: sync 47, tei 0, pusi 0, pri 0, pid 481, scr 0, afc 1, cc 4

TP 873: sync 47, tei 0, pusi 0, pri 0, pid 481, scr 0, afc 1, cc 5

TP 874: sync 47, tei 0, pusi 0, pri 0, pid 481, scr 0, afc 1, cc 6

TP 875: sync 47, tei 0, pusi 0, pri 0, pid 481, scr 0, afc 1, cc 7

TP 876: sync 47, tei 0, pusi 0, pri 0, pid 481, scr 0, afc 1, cc 8

TP 877: sync 47, tei 0, pusi 0, pri 0, pid 481, scr 0, afc 1, cc 9

TP 878: sync 47, tei 0, pusi 0, pri 0, pid 481, scr 0, afc 1, cc 10

TP 879: sync 47, tei 0, pusi 0, pri 0, pid 481, scr 0, afc 1, cc 11

TP 880: sync 47, tei 0, pusi 0, pri 0, pid 481, scr 0, afc 1, cc 12

TP 881: sync 47, tei 0, pusi 0, pri 0, pid 481, scr 0, afc 1, cc 13

TP 882: sync 47, tei 0, pusi 0, pri 0, pid 481, scr 0, afc 1, cc 14

TP 883: sync 47, tei 0, pusi 0, pri 0, pid 481, scr 0, afc 1, cc 15

TP 884: sync 47, tei 0, pusi 0, pri 0, pid 481, scr 0, afc 1, cc 0

TP 885: sync 47, tei 0, pusi 0, pri 0, pid 481, scr 0, afc 1, cc 1

TP 886: sync 47, tei 0, pusi 0, pri 0, pid 481, scr 0, afc 1, cc 2

TP 887: sync 47, tei 0, pusi 0, pri 0, pid 481, scr 0, afc 1, cc 3

TP 888: sync 47, tei 0, pusi 0, pri 0, pid 481, scr 0, afc 1, cc 4

TP 889: sync 47, tei 0, pusi 0, pri 0, pid 481, scr 0, afc 1, cc 5

TP 890: sync 47, tei 0, pusi 0, pri 0, pid 481, scr 0, afc 1, cc 6

TP 891: sync 47, tei 0, pusi 0, pri 0, pid 481, scr 0, afc 1, cc 7

TP 892: sync 47, tei 0, pusi 0, pri 0, pid 481, scr 0, afc 1, cc 8

TP 893: sync 47, tei 0, pusi 0, pri 0, pid 481, scr 0, afc 1, cc 9

TP 894: sync 47, tei 0, pusi 0, pri 0, pid 481, scr 0, afc 1, cc 10

TP 895: sync 47, tei 0, pusi 0, pri 0, pid 481, scr 0, afc 1, cc 11

TP 896: sync 47, tei 0, pusi 0, pri 0, pid 481, scr 0, afc 1, cc 12

TP 897: sync 47, tei 0, pusi 0, pri 0, pid 481, scr 0, afc 1, cc 13

TP 898: sync 47, tei 0, pusi 0, pri 0, pid 481, scr 0, afc 1, cc 14

TP 899: sync 47, tei 0, pusi 0, pri 0, pid 481, scr 0, afc 1, cc 15

TP 900: sync 47, tei 0, pusi 0, pri 0, pid 481, scr 0, afc 1, cc 0

TP 901: sync 47, tei 0, pusi 0, pri 0, pid 481, scr 0, afc 1, cc 1

TP 902: sync 47, tei 0, pusi 0, pri 0, pid 481, scr 0, afc 1, cc 2

TP 903: sync 47, tei 0, pusi 0, pri 0, pid 481, scr 0, afc 1, cc 3

TP 904: sync 47, tei 0, pusi 0, pri 0, pid 481, scr 0, afc 1, cc 4

TP 905: sync 47, tei 0, pusi 0, pri 0, pid 481, scr 0, afc 1, cc 5

TP 906: sync 47, tei 0, pusi 0, pri 0, pid 481, scr 0, afc 1, cc 6

TP 907: sync 47, tei 0, pusi 0, pri 0, pid 481, scr 0, afc 1, cc 7

TP 908: sync 47, tei 0, pusi 0, pri 0, pid 481, scr 0, afc 1, cc 8

TP 909: sync 47, tei 0, pusi 0, pri 0, pid 481, scr 0, afc 1, cc 9

TP 910: sync 47, tei 0, pusi 0, pri 0, pid 481, scr 0, afc 1, cc 10

TP 911: sync 47, tei 0, pusi 0, pri 0, pid 481, scr 0, afc 1, cc 11

TP 912: sync 47, tei 0, pusi 0, pri 0, pid 481, scr 0, afc 1, cc 12

TP 913: sync 47, tei 0, pusi 0, pri 0, pid 481, scr 0, afc 3, cc 13
  AF: sz 59

TP 914: sync 47, tei 0, pusi 1, pri 0, pid 481, scr 0, afc 3, cc 14
  AF: sz 7, PCR 000007cf5:293

TP 915: sync 47, tei 0, pusi 0, pri 0, pid 481, scr 0, afc 1, cc 15

TP 916: sync 47, tei 0, pusi 0, pri 0, pid 481, scr 0, afc 1, cc 0

TP 917: sync 47, tei 0, pusi 0, pri 0, pid 481, scr 0, afc 1, cc 1

TP 918: sync 47, tei 0, pusi 0, pri 0, pid 481, scr 0, afc 1, cc 2

TP 919: sync 47, tei 0, pusi 0, pri 0, pid 481, scr 0, afc 1, cc 3

TP 920: sync 47, tei 0, pusi 0, pri 0, pid 481, scr 0, afc 1, cc 4

TP 921: sync 47, tei 0, pusi 0, pri 0, pid 481, scr 0, afc 1, cc 5

TP 922: sync 47, tei 0, pusi 0, pri 0, pid 481, scr 0, afc 1, cc 6

TP 923: sync 47, tei 0, pusi 0, pri 0, pid 481, scr 0, afc 1, cc 7

TP 924: sync 47, tei 0, pusi 0, pri 0, pid 481, scr 0, afc 1, cc 8

TP 925: sync 47, tei 0, pusi 0, pri 0, pid 481, scr 0, afc 1, cc 9

TP 926: sync 47, tei 0, pusi 0, pri 0, pid 481, scr 0, afc 1, cc 10

TP 927: sync 47, tei 0, pusi 0, pri 0, pid 481, scr 0, afc 1, cc 11

TP 928: sync 47, tei 0, pusi 0, pri 0, pid 481, scr 0, afc 1, cc 12

TP 929: sync 47, tei 0, pusi 0, pri 0, pid 481, scr 0, afc 1, cc 13

TP 930: sync 47, tei 0, pusi 0, pri 0, pid 481, scr 0, afc 1, cc 14

TP 931: sync 47, tei 0, pusi 0, pri 0, pid 481, scr 0, afc 1, cc 15

TP 932: sync 47, tei 0, pusi 0, pri 0, pid 481, scr 0, afc 1, cc 0

TP 933: sync 47, tei 0, pusi 0, pri 0, pid 481, scr 0, afc 1, cc 1

TP 934: sync 47, tei 0, pusi 0, pri 0, pid 481, scr 0, afc 1, cc 2

TP 935: sync 47, tei 0, pusi 0, pri 0, pid 481, scr 0, afc 1, cc 3

TP 936: sync 47, tei 0, pusi 0, pri 0, pid 481, scr 0, afc 1, cc 4

TP 937: sync 47, tei 0, pusi 0, pri 0, pid 481, scr 0, afc 1, cc 5

TP 938: sync 47, tei 0, pusi 0, pri 0, pid 481, scr 0, afc 1, cc 6

TP 939: sync 47, tei 0, pusi 0, pri 0, pid 481, scr 0, afc 1, cc 7

TP 940: sync 47, tei 0, pusi 0, pri 0, pid 481, scr 0, afc 1, cc 8

TP 941: sync 47, tei 0, pusi 0, pri 0, pid 481, scr 0, afc 1, cc 9

TP 942: sync 47, tei 0, pusi 0, pri 0, pid 481, scr 0, afc 1, cc 10

TP 943: sync 47, tei 0, pusi 0, pri 0, pid 481, scr 0, afc 1, cc 11

TP 944: sync 47, tei 0, pusi 0, pri 0, pid 481, scr 0, afc 1, cc 12

TP 945: sync 47, tei 0, pusi 0, pri 0, pid 481, scr 0, afc 1, cc 13

TP 946: sync 47, tei 0, pusi 0, pri 0, pid 481, scr 0, afc 1, cc 14

TP 947: sync 47, tei 0, pusi 0, pri 0, pid 481, scr 0, afc 1, cc 15

TP 948: sync 47, tei 0, pusi 0, pri 0, pid 481, scr 0, afc 1, cc 0

TP 949: sync 47, tei 0, pusi 0, pri 0, pid 481, scr 0, afc 1, cc 1

TP 950: sync 47, tei 0, pusi 0, pri 0, pid 481, scr 0, afc 3, cc 2
  AF: sz 35

TP 951: sync 47, tei 0, pusi 1, pri 0, pid 481, scr 0, afc 3, cc 3
  AF: sz 7, PCR 000008206:118

TP 952: sync 47, tei 0, pusi 0, pri 0, pid 481, scr 0, afc 1, cc 4

TP 953: sync 47, tei 0, pusi 0, pri 0, pid 481, scr 0, afc 1, cc 5

TP 954: sync 47, tei 0, pusi 0, pri 0, pid 481, scr 0, afc 1, cc 6

TP 955: sync 47, tei 0, pusi 0, pri 0, pid 481, scr 0, afc 1, cc 7

TP 956: sync 47, tei 0, pusi 0, pri 0, pid 481, scr 0, afc 1, cc 8

TP 957: sync 47, tei 0, pusi 0, pri 0, pid 481, scr 0, afc 1, cc 9

TP 958: sync 47, tei 0, pusi 0, pri 0, pid 481, scr 0, afc 1, cc 10

TP 959: sync 47, tei 0, pusi 0, pri 0, pid 481, scr 0, afc 1, cc 11

TP 960: sync 47, tei 0, pusi 0, pri 0, pid 481, scr 0, afc 1, cc 12

TP 961: sync 47, tei 0, pusi 0, pri 0, pid 481, scr 0, afc 1, cc 13

TP 962: sync 47, tei 0, pusi 0, pri 0, pid 481, scr 0, afc 1, cc 14

TP 963: sync 47, tei 0, pusi 0, pri 0, pid 481, scr 0, afc 1, cc 15

TP 964: sync 47, tei 0, pusi 0, pri 0, pid 481, scr 0, afc 1, cc 0

TP 965: sync 47, tei 0, pusi 0, pri 0, pid 481, scr 0, afc 1, cc 1

TP 966: sync 47, tei 0, pusi 0, pri 0, pid 481, scr 0, afc 1, cc 2

TP 967: sync 47, tei 0, pusi 0, pri 0, pid 481, scr 0, afc 1, cc 3

TP 968: sync 47, tei 0, pusi 0, pri 0, pid 481, scr 0, afc 1, cc 4

TP 969: sync 47, tei 0, pusi 0, pri 0, pid 481, scr 0, afc 1, cc 5

TP 970: sync 47, tei 0, pusi 0, pri 0, pid 481, scr 0, afc 1, cc 6

TP 971: sync 47, tei 0, pusi 0, pri 0, pid 481, scr 0, afc 1, cc 7

TP 972: sync 47, tei 0, pusi 0, pri 0, pid 481, scr 0, afc 1, cc 8

TP 973: sync 47, tei 0, pusi 0, pri 0, pid 481, scr 0, afc 1, cc 9

TP 974: sync 47, tei 0, pusi 0, pri 0, pid 481, scr 0, afc 1, cc 10

TP 975: sync 47, tei 0, pusi 0, pri 0, pid 481, scr 0, afc 1, cc 11

TP 976: sync 47, tei 0, pusi 0, pri 0, pid 481, scr 0, afc 1, cc 12

TP 977: sync 47, tei 0, pusi 0, pri 0, pid 481, scr 0, afc 1, cc 13

TP 978: sync 47, tei 0, pusi 0, pri 0, pid 481, scr 0, afc 1, cc 14

TP 979: sync 47, tei 0, pusi 0, pri 0, pid 481, scr 0, afc 1, cc 15

TP 980: sync 47, tei 0, pusi 0, pri 0, pid 481, scr 0, afc 1, cc 0

TP 981: sync 47, tei 0, pusi 0, pri 0, pid 481, scr 0, afc 1, cc 1

TP 982: sync 47, tei 0, pusi 0, pri 0, pid 481, scr 0, afc 1, cc 2

TP 983: sync 47, tei 0, pusi 0, pri 0, pid 481, scr 0, afc 1, cc 3

TP 984: sync 47, tei 0, pusi 0, pri 0, pid 481, scr 0, afc 1, cc 4

TP 985: sync 47, tei 0, pusi 0, pri 0, pid 481, scr 0, afc 1, cc 5

TP 986: sync 47, tei 0, pusi 0, pri 0, pid 481, scr 0, afc 1, cc 6

TP 987: sync 47, tei 0, pusi 0, pri 0, pid 481, scr 0, afc 1, cc 7

TP 988: sync 47, tei 0, pusi 0, pri 0, pid 481, scr 0, afc 1, cc 8

TP 989: sync 47, tei 0, pusi 0, pri 0, pid 481, scr 0, afc 1, cc 9

TP 990: sync 47, tei 0, pusi 0, pri 0, pid 481, scr 0, afc 1, cc 10

TP 991: sync 47, tei 0, pusi 0, pri 0, pid 481, scr 0, afc 1, cc 11

TP 992: sync 47, tei 0, pusi 0, pri 0, pid 481, scr 0, afc 1, cc 12

TP 993: sync 47, tei 0, pusi 0, pri 0, pid 481, scr 0, afc 1, cc 13

TP 994: sync 47, tei 0, pusi 0, pri 0, pid 481, scr 0, afc 1, cc 14

TP 995: sync 47, tei 0, pusi 0, pri 0, pid 481, scr 0, afc 3, cc 15
  AF: sz 59

TP 996: sync 47, tei 0, pusi 1, pri 0, pid 481, scr 0, afc 3, cc 0
  AF: sz 7, PCR 00000882f:35

TP 997: sync 47, tei 0, pusi 0, pri 0, pid 481, scr 0, afc 1, cc 1

TP 998: sync 47, tei 0, pusi 0, pri 0, pid 481, scr 0, afc 1, cc 2

TP 999: sync 47, tei 0, pusi 0, pri 0, pid 481, scr 0, afc 1, cc 3

TP 1000: sync 47, tei 0, pusi 0, pri 0, pid 481, scr 0, afc 1, cc 4
Total 1000 TP found.
